<?xml version="1.0" encoding="UTF-8"?>
<robot generator="Robot 3.1.2 (Python 3.7.2 on win32)" generated="20220127 10:51:47.343" rpa="false">
<suite id="s1" name="TemplatedDatadriven &amp; TestCases">
<suite id="s1-s1" name="TemplatedDatadriven" source="C:\Users\mishrsu1\PycharmProjects\ProjectV\TestAutomation_API\Suites\Testsuits\TemplatedDatadriven.robot">
<test id="s1-s1-t1" name="Valid Station Id one with valid payload should Pass">
<kw name="setValues Posetive">
<arguments>
<arg>1</arg>
</arguments>
<kw name="POST" library="REST">
<tags>
<tag>http</tag>
</tags>
<doc>*Sends a POST request to the endpoint.*</doc>
<arguments>
<arg>v1/tests/${stationIdP}</arg>
<arg>${jsonReq4}</arg>
</arguments>
<status status="PASS" starttime="20220127 10:51:48.859" endtime="20220127 10:51:49.256"></status>
</kw>
<kw name="Integer" library="REST">
<tags>
<tag>assertions</tag>
</tags>
<doc>*Asserts the field as JSON integer.*</doc>
<arguments>
<arg>response status</arg>
<arg>200</arg>
</arguments>
<status status="PASS" starttime="20220127 10:51:49.257" endtime="20220127 10:51:49.262"></status>
</kw>
<kw name="String" library="REST">
<tags>
<tag>assertions</tag>
</tags>
<doc>*Asserts the field as JSON string.*</doc>
<arguments>
<arg>response reason</arg>
<arg>OK</arg>
</arguments>
<status status="PASS" starttime="20220127 10:51:49.263" endtime="20220127 10:51:49.266"></status>
</kw>
<kw name="Output" library="REST">
<tags>
<tag>I/O</tag>
</tags>
<doc>*Outputs JSON to terminal or a file.*</doc>
<arguments>
<arg>response headers Date</arg>
</arguments>
<msg timestamp="20220127 10:51:49.267" level="INFO">
"Thu, 27 Jan 2022 08:52:43 GMT"</msg>
<status status="PASS" starttime="20220127 10:51:49.266" endtime="20220127 10:51:49.294"></status>
</kw>
<status status="PASS" starttime="20220127 10:51:48.858" endtime="20220127 10:51:49.294"></status>
</kw>
<status status="PASS" starttime="20220127 10:51:48.858" endtime="20220127 10:51:49.295" critical="yes"></status>
</test>
<test id="s1-s1-t2" name="Valid Station Id Two with valid payload Should pass">
<kw name="setValues Posetive">
<arguments>
<arg>2</arg>
</arguments>
<kw name="POST" library="REST">
<tags>
<tag>http</tag>
</tags>
<doc>*Sends a POST request to the endpoint.*</doc>
<arguments>
<arg>v1/tests/${stationIdP}</arg>
<arg>${jsonReq4}</arg>
</arguments>
<status status="PASS" starttime="20220127 10:51:49.300" endtime="20220127 10:51:49.603"></status>
</kw>
<kw name="Integer" library="REST">
<tags>
<tag>assertions</tag>
</tags>
<doc>*Asserts the field as JSON integer.*</doc>
<arguments>
<arg>response status</arg>
<arg>200</arg>
</arguments>
<status status="PASS" starttime="20220127 10:51:49.603" endtime="20220127 10:51:49.606"></status>
</kw>
<kw name="String" library="REST">
<tags>
<tag>assertions</tag>
</tags>
<doc>*Asserts the field as JSON string.*</doc>
<arguments>
<arg>response reason</arg>
<arg>OK</arg>
</arguments>
<status status="PASS" starttime="20220127 10:51:49.607" endtime="20220127 10:51:49.609"></status>
</kw>
<kw name="Output" library="REST">
<tags>
<tag>I/O</tag>
</tags>
<doc>*Outputs JSON to terminal or a file.*</doc>
<arguments>
<arg>response headers Date</arg>
</arguments>
<msg timestamp="20220127 10:51:49.610" level="INFO">
"Thu, 27 Jan 2022 08:52:43 GMT"</msg>
<status status="PASS" starttime="20220127 10:51:49.609" endtime="20220127 10:51:49.611"></status>
</kw>
<status status="PASS" starttime="20220127 10:51:49.299" endtime="20220127 10:51:49.611"></status>
</kw>
<status status="PASS" starttime="20220127 10:51:49.298" endtime="20220127 10:51:49.611" critical="yes"></status>
</test>
<test id="s1-s1-t3" name="Valid Station Id Three with valid payload  Should pass">
<kw name="setValues Posetive">
<arguments>
<arg>3</arg>
</arguments>
<kw name="POST" library="REST">
<tags>
<tag>http</tag>
</tags>
<doc>*Sends a POST request to the endpoint.*</doc>
<arguments>
<arg>v1/tests/${stationIdP}</arg>
<arg>${jsonReq4}</arg>
</arguments>
<status status="PASS" starttime="20220127 10:51:49.614" endtime="20220127 10:51:49.917"></status>
</kw>
<kw name="Integer" library="REST">
<tags>
<tag>assertions</tag>
</tags>
<doc>*Asserts the field as JSON integer.*</doc>
<arguments>
<arg>response status</arg>
<arg>200</arg>
</arguments>
<status status="PASS" starttime="20220127 10:51:49.918" endtime="20220127 10:51:49.920"></status>
</kw>
<kw name="String" library="REST">
<tags>
<tag>assertions</tag>
</tags>
<doc>*Asserts the field as JSON string.*</doc>
<arguments>
<arg>response reason</arg>
<arg>OK</arg>
</arguments>
<status status="PASS" starttime="20220127 10:51:49.920" endtime="20220127 10:51:49.923"></status>
</kw>
<kw name="Output" library="REST">
<tags>
<tag>I/O</tag>
</tags>
<doc>*Outputs JSON to terminal or a file.*</doc>
<arguments>
<arg>response headers Date</arg>
</arguments>
<msg timestamp="20220127 10:51:49.923" level="INFO">
"Thu, 27 Jan 2022 08:52:43 GMT"</msg>
<status status="PASS" starttime="20220127 10:51:49.923" endtime="20220127 10:51:49.924"></status>
</kw>
<status status="PASS" starttime="20220127 10:51:49.613" endtime="20220127 10:51:49.924"></status>
</kw>
<status status="PASS" starttime="20220127 10:51:49.613" endtime="20220127 10:51:49.924" critical="yes"></status>
</test>
<test id="s1-s1-t4" name="Valid Station Id Four with valid payload  Should pass">
<kw name="setValues Posetive">
<arguments>
<arg>4</arg>
</arguments>
<kw name="POST" library="REST">
<tags>
<tag>http</tag>
</tags>
<doc>*Sends a POST request to the endpoint.*</doc>
<arguments>
<arg>v1/tests/${stationIdP}</arg>
<arg>${jsonReq4}</arg>
</arguments>
<status status="PASS" starttime="20220127 10:51:49.927" endtime="20220127 10:51:50.338"></status>
</kw>
<kw name="Integer" library="REST">
<tags>
<tag>assertions</tag>
</tags>
<doc>*Asserts the field as JSON integer.*</doc>
<arguments>
<arg>response status</arg>
<arg>200</arg>
</arguments>
<status status="PASS" starttime="20220127 10:51:50.338" endtime="20220127 10:51:50.342"></status>
</kw>
<kw name="String" library="REST">
<tags>
<tag>assertions</tag>
</tags>
<doc>*Asserts the field as JSON string.*</doc>
<arguments>
<arg>response reason</arg>
<arg>OK</arg>
</arguments>
<status status="PASS" starttime="20220127 10:51:50.342" endtime="20220127 10:51:50.345"></status>
</kw>
<kw name="Output" library="REST">
<tags>
<tag>I/O</tag>
</tags>
<doc>*Outputs JSON to terminal or a file.*</doc>
<arguments>
<arg>response headers Date</arg>
</arguments>
<msg timestamp="20220127 10:51:50.347" level="INFO">
"Thu, 27 Jan 2022 08:52:44 GMT"</msg>
<status status="PASS" starttime="20220127 10:51:50.345" endtime="20220127 10:51:50.347"></status>
</kw>
<status status="PASS" starttime="20220127 10:51:49.926" endtime="20220127 10:51:50.348"></status>
</kw>
<status status="PASS" starttime="20220127 10:51:49.926" endtime="20220127 10:51:50.348" critical="yes"></status>
</test>
<test id="s1-s1-t5" name="Valid Station Id Five with valid payload  Should pass">
<kw name="setValues Posetive">
<arguments>
<arg>5</arg>
</arguments>
<kw name="POST" library="REST">
<tags>
<tag>http</tag>
</tags>
<doc>*Sends a POST request to the endpoint.*</doc>
<arguments>
<arg>v1/tests/${stationIdP}</arg>
<arg>${jsonReq4}</arg>
</arguments>
<status status="PASS" starttime="20220127 10:51:50.353" endtime="20220127 10:51:50.674"></status>
</kw>
<kw name="Integer" library="REST">
<tags>
<tag>assertions</tag>
</tags>
<doc>*Asserts the field as JSON integer.*</doc>
<arguments>
<arg>response status</arg>
<arg>200</arg>
</arguments>
<msg timestamp="20220127 10:51:50.681" level="FAIL">500 is not one of [200]

Failed validating 'enum' in schema:
    {'enum': [200], 'type': 'integer'}

On instance:
    500</msg>
<status status="FAIL" starttime="20220127 10:51:50.674" endtime="20220127 10:51:50.681"></status>
</kw>
<status status="FAIL" starttime="20220127 10:51:50.352" endtime="20220127 10:51:50.682"></status>
</kw>
<status status="FAIL" starttime="20220127 10:51:50.351" endtime="20220127 10:51:50.683" critical="yes">500 is not one of [200]

Failed validating 'enum' in schema:
    {'enum': [200], 'type': 'integer'}

On instance:
    500</status>
</test>
<test id="s1-s1-t6" name="Valid Station Id Six with valid payload  Should pass">
<kw name="setValues Posetive">
<arguments>
<arg>6</arg>
</arguments>
<kw name="POST" library="REST">
<tags>
<tag>http</tag>
</tags>
<doc>*Sends a POST request to the endpoint.*</doc>
<arguments>
<arg>v1/tests/${stationIdP}</arg>
<arg>${jsonReq4}</arg>
</arguments>
<status status="PASS" starttime="20220127 10:51:50.687" endtime="20220127 10:51:51.002"></status>
</kw>
<kw name="Integer" library="REST">
<tags>
<tag>assertions</tag>
</tags>
<doc>*Asserts the field as JSON integer.*</doc>
<arguments>
<arg>response status</arg>
<arg>200</arg>
</arguments>
<status status="PASS" starttime="20220127 10:51:51.003" endtime="20220127 10:51:51.007"></status>
</kw>
<kw name="String" library="REST">
<tags>
<tag>assertions</tag>
</tags>
<doc>*Asserts the field as JSON string.*</doc>
<arguments>
<arg>response reason</arg>
<arg>OK</arg>
</arguments>
<status status="PASS" starttime="20220127 10:51:51.007" endtime="20220127 10:51:51.010"></status>
</kw>
<kw name="Output" library="REST">
<tags>
<tag>I/O</tag>
</tags>
<doc>*Outputs JSON to terminal or a file.*</doc>
<arguments>
<arg>response headers Date</arg>
</arguments>
<msg timestamp="20220127 10:51:51.011" level="INFO">
"Thu, 27 Jan 2022 08:52:45 GMT"</msg>
<status status="PASS" starttime="20220127 10:51:51.010" endtime="20220127 10:51:51.012"></status>
</kw>
<status status="PASS" starttime="20220127 10:51:50.687" endtime="20220127 10:51:51.012"></status>
</kw>
<status status="PASS" starttime="20220127 10:51:50.686" endtime="20220127 10:51:51.013" critical="yes"></status>
</test>
<test id="s1-s1-t7" name="Valid Station Id Seven with valid payload  Should pass">
<kw name="setValues Posetive">
<arguments>
<arg>7</arg>
</arguments>
<kw name="POST" library="REST">
<tags>
<tag>http</tag>
</tags>
<doc>*Sends a POST request to the endpoint.*</doc>
<arguments>
<arg>v1/tests/${stationIdP}</arg>
<arg>${jsonReq4}</arg>
</arguments>
<status status="PASS" starttime="20220127 10:51:51.015" endtime="20220127 10:51:51.328"></status>
</kw>
<kw name="Integer" library="REST">
<tags>
<tag>assertions</tag>
</tags>
<doc>*Asserts the field as JSON integer.*</doc>
<arguments>
<arg>response status</arg>
<arg>200</arg>
</arguments>
<status status="PASS" starttime="20220127 10:51:51.328" endtime="20220127 10:51:51.331"></status>
</kw>
<kw name="String" library="REST">
<tags>
<tag>assertions</tag>
</tags>
<doc>*Asserts the field as JSON string.*</doc>
<arguments>
<arg>response reason</arg>
<arg>OK</arg>
</arguments>
<status status="PASS" starttime="20220127 10:51:51.331" endtime="20220127 10:51:51.336"></status>
</kw>
<kw name="Output" library="REST">
<tags>
<tag>I/O</tag>
</tags>
<doc>*Outputs JSON to terminal or a file.*</doc>
<arguments>
<arg>response headers Date</arg>
</arguments>
<msg timestamp="20220127 10:51:51.337" level="INFO">
"Thu, 27 Jan 2022 08:52:45 GMT"</msg>
<status status="PASS" starttime="20220127 10:51:51.336" endtime="20220127 10:51:51.338"></status>
</kw>
<status status="PASS" starttime="20220127 10:51:51.015" endtime="20220127 10:51:51.339"></status>
</kw>
<status status="PASS" starttime="20220127 10:51:51.014" endtime="20220127 10:51:51.340" critical="yes"></status>
</test>
<test id="s1-s1-t8" name="Valid Station Id Eight with valid payload  Should pass">
<kw name="setValues Posetive">
<arguments>
<arg>8</arg>
</arguments>
<kw name="POST" library="REST">
<tags>
<tag>http</tag>
</tags>
<doc>*Sends a POST request to the endpoint.*</doc>
<arguments>
<arg>v1/tests/${stationIdP}</arg>
<arg>${jsonReq4}</arg>
</arguments>
<status status="PASS" starttime="20220127 10:51:51.343" endtime="20220127 10:51:51.677"></status>
</kw>
<kw name="Integer" library="REST">
<tags>
<tag>assertions</tag>
</tags>
<doc>*Asserts the field as JSON integer.*</doc>
<arguments>
<arg>response status</arg>
<arg>200</arg>
</arguments>
<status status="PASS" starttime="20220127 10:51:51.678" endtime="20220127 10:51:51.681"></status>
</kw>
<kw name="String" library="REST">
<tags>
<tag>assertions</tag>
</tags>
<doc>*Asserts the field as JSON string.*</doc>
<arguments>
<arg>response reason</arg>
<arg>OK</arg>
</arguments>
<status status="PASS" starttime="20220127 10:51:51.681" endtime="20220127 10:51:51.684"></status>
</kw>
<kw name="Output" library="REST">
<tags>
<tag>I/O</tag>
</tags>
<doc>*Outputs JSON to terminal or a file.*</doc>
<arguments>
<arg>response headers Date</arg>
</arguments>
<msg timestamp="20220127 10:51:51.685" level="INFO">
"Thu, 27 Jan 2022 08:52:45 GMT"</msg>
<status status="PASS" starttime="20220127 10:51:51.684" endtime="20220127 10:51:51.685"></status>
</kw>
<status status="PASS" starttime="20220127 10:51:51.343" endtime="20220127 10:51:51.685"></status>
</kw>
<status status="PASS" starttime="20220127 10:51:51.342" endtime="20220127 10:51:51.687" critical="yes"></status>
</test>
<test id="s1-s1-t9" name="Valid Station Id Nine  with valid payload  Should pass">
<kw name="setValues Posetive">
<arguments>
<arg>9</arg>
</arguments>
<kw name="POST" library="REST">
<tags>
<tag>http</tag>
</tags>
<doc>*Sends a POST request to the endpoint.*</doc>
<arguments>
<arg>v1/tests/${stationIdP}</arg>
<arg>${jsonReq4}</arg>
</arguments>
<status status="PASS" starttime="20220127 10:51:51.690" endtime="20220127 10:51:52.009"></status>
</kw>
<kw name="Integer" library="REST">
<tags>
<tag>assertions</tag>
</tags>
<doc>*Asserts the field as JSON integer.*</doc>
<arguments>
<arg>response status</arg>
<arg>200</arg>
</arguments>
<status status="PASS" starttime="20220127 10:51:52.010" endtime="20220127 10:51:52.013"></status>
</kw>
<kw name="String" library="REST">
<tags>
<tag>assertions</tag>
</tags>
<doc>*Asserts the field as JSON string.*</doc>
<arguments>
<arg>response reason</arg>
<arg>OK</arg>
</arguments>
<status status="PASS" starttime="20220127 10:51:52.014" endtime="20220127 10:51:52.016"></status>
</kw>
<kw name="Output" library="REST">
<tags>
<tag>I/O</tag>
</tags>
<doc>*Outputs JSON to terminal or a file.*</doc>
<arguments>
<arg>response headers Date</arg>
</arguments>
<msg timestamp="20220127 10:51:52.018" level="INFO">
"Thu, 27 Jan 2022 08:52:46 GMT"</msg>
<status status="PASS" starttime="20220127 10:51:52.018" endtime="20220127 10:51:52.019"></status>
</kw>
<status status="PASS" starttime="20220127 10:51:51.690" endtime="20220127 10:51:52.019"></status>
</kw>
<status status="PASS" starttime="20220127 10:51:51.689" endtime="20220127 10:51:52.021" critical="yes"></status>
</test>
<test id="s1-s1-t10" name="Valid Station Id ten  with valid payload  Should pass">
<kw name="setValues Posetive">
<arguments>
<arg>10</arg>
</arguments>
<kw name="POST" library="REST">
<tags>
<tag>http</tag>
</tags>
<doc>*Sends a POST request to the endpoint.*</doc>
<arguments>
<arg>v1/tests/${stationIdP}</arg>
<arg>${jsonReq4}</arg>
</arguments>
<status status="PASS" starttime="20220127 10:51:52.025" endtime="20220127 10:51:52.365"></status>
</kw>
<kw name="Integer" library="REST">
<tags>
<tag>assertions</tag>
</tags>
<doc>*Asserts the field as JSON integer.*</doc>
<arguments>
<arg>response status</arg>
<arg>200</arg>
</arguments>
<status status="PASS" starttime="20220127 10:51:52.365" endtime="20220127 10:51:52.371"></status>
</kw>
<kw name="String" library="REST">
<tags>
<tag>assertions</tag>
</tags>
<doc>*Asserts the field as JSON string.*</doc>
<arguments>
<arg>response reason</arg>
<arg>OK</arg>
</arguments>
<status status="PASS" starttime="20220127 10:51:52.371" endtime="20220127 10:51:52.374"></status>
</kw>
<kw name="Output" library="REST">
<tags>
<tag>I/O</tag>
</tags>
<doc>*Outputs JSON to terminal or a file.*</doc>
<arguments>
<arg>response headers Date</arg>
</arguments>
<msg timestamp="20220127 10:51:52.375" level="INFO">
"Thu, 27 Jan 2022 08:52:46 GMT"</msg>
<status status="PASS" starttime="20220127 10:51:52.375" endtime="20220127 10:51:52.376"></status>
</kw>
<status status="PASS" starttime="20220127 10:51:52.024" endtime="20220127 10:51:52.377"></status>
</kw>
<status status="PASS" starttime="20220127 10:51:52.023" endtime="20220127 10:51:52.378" critical="yes"></status>
</test>
<test id="s1-s1-t11" name="Fail">
<kw name="setValues Posetive">
<arguments>
</arguments>
<kw name="POST" library="REST">
<tags>
<tag>http</tag>
</tags>
<doc>*Sends a POST request to the endpoint.*</doc>
<arguments>
<arg>v1/tests/${stationIdP}</arg>
<arg>${jsonReq4}</arg>
</arguments>
<msg timestamp="20220127 10:51:52.700" level="WARN">Response body content is not JSON. Content-Type is: text/html; charset=utf-8</msg>
<status status="PASS" starttime="20220127 10:51:52.382" endtime="20220127 10:51:52.703"></status>
</kw>
<kw name="Integer" library="REST">
<tags>
<tag>assertions</tag>
</tags>
<doc>*Asserts the field as JSON integer.*</doc>
<arguments>
<arg>response status</arg>
<arg>200</arg>
</arguments>
<msg timestamp="20220127 10:51:52.706" level="FAIL">404 is not one of [200]

Failed validating 'enum' in schema:
    {'enum': [200], 'type': 'integer'}

On instance:
    404</msg>
<status status="FAIL" starttime="20220127 10:51:52.703" endtime="20220127 10:51:52.706"></status>
</kw>
<status status="FAIL" starttime="20220127 10:51:52.381" endtime="20220127 10:51:52.706"></status>
</kw>
<status status="FAIL" starttime="20220127 10:51:52.380" endtime="20220127 10:51:52.707" critical="yes">404 is not one of [200]

Failed validating 'enum' in schema:
    {'enum': [200], 'type': 'integer'}

On instance:
    404</status>
</test>
<doc>This test-set covers Tests/User-stories of important Api features
like GetVersion, get interval and set values Api
suite usases RF JsonLibrary and Builtin functions &amp; user defined keywords
Cli &gt;robot --outputdir ./Results ./*.robot</doc>
<status status="FAIL" starttime="20220127 10:51:47.370" endtime="20220127 10:51:52.713"></status>
</suite>
<suite id="s1-s2" name="TestCases" source="C:\Users\mishrsu1\PycharmProjects\ProjectV\TestAutomation_API\Suites\Testsuits\TestCases.robot">
<test id="s1-s2-t1" name="TC_01.0.0 Test GetVersion Api">
<kw name="KW_01 Get the version of Valid Stations" library="keywords">
<kw name="${station} IN [ @{stationIdP} ]" type="for">
<kw name="${station} = 3" type="foritem">
<kw name="Log" library="BuiltIn">
<doc>Logs the given message with the given level.</doc>
<arguments>
<arg>${station}</arg>
</arguments>
<msg timestamp="20220127 10:51:52.776" level="INFO">3</msg>
<status status="PASS" starttime="20220127 10:51:52.776" endtime="20220127 10:51:52.777"></status>
</kw>
<kw name="Create Session" library="RequestsLibrary">
<doc>Create Session: create a HTTP session to a server</doc>
<arguments>
<arg>mysession</arg>
<arg>${Base_url}</arg>
</arguments>
<msg timestamp="20220127 10:51:52.777" level="INFO">Creating Session using : alias=mysession, url=https://api-energy-k8s.test.virtaglobal.com, headers={},                     cookies=None, auth=None, timeout=None, proxies=None, verify=False,                     debug=0 </msg>
<status status="PASS" starttime="20220127 10:51:52.777" endtime="20220127 10:51:52.777"></status>
</kw>
<kw name="Create Dictionary" library="BuiltIn">
<doc>Creates and returns a dictionary based on the given ``items``.</doc>
<arguments>
<arg>Content-Type</arg>
<arg>application/json</arg>
</arguments>
<assign>
<var>${headers}</var>
</assign>
<msg timestamp="20220127 10:51:52.777" level="INFO">${headers} = {'Content-Type': 'application/json'}</msg>
<status status="PASS" starttime="20220127 10:51:52.777" endtime="20220127 10:51:52.777"></status>
</kw>
<kw name="Create Dictionary" library="BuiltIn">
<doc>Creates and returns a dictionary based on the given ``items``.</doc>
<arguments>
<arg>command=getVersion</arg>
</arguments>
<assign>
<var>&amp;{data}</var>
</assign>
<msg timestamp="20220127 10:51:52.777" level="INFO">&amp;{data} = { command=getVersion }</msg>
<status status="PASS" starttime="20220127 10:51:52.777" endtime="20220127 10:51:52.777"></status>
</kw>
<kw name="Post Request" library="RequestsLibrary">
<doc>Send a POST request on the session object found using the
given `alias`</doc>
<arguments>
<arg>mysession</arg>
<arg>v1/tests/${station}</arg>
<arg>headers=${headers}</arg>
<arg>json=${data}</arg>
</arguments>
<assign>
<var>${response}</var>
</assign>
<msg timestamp="20220127 10:51:53.094" level="INFO">Post Request using : alias=mysession, uri=v1/tests/3, data=&lt;empty&gt;, headers={'Content-Type': 'application/json'}, files=None, allow_redirects=True </msg>
<msg timestamp="20220127 10:51:53.094" level="INFO">${response} = &lt;Response [200]&gt;</msg>
<status status="PASS" starttime="20220127 10:51:52.777" endtime="20220127 10:51:53.094"></status>
</kw>
<kw name="To Json" library="RequestsLibrary">
<doc>Convert a string to a JSON object</doc>
<arguments>
<arg>${response.content}</arg>
</arguments>
<assign>
<var>${json_object}</var>
</assign>
<msg timestamp="20220127 10:51:53.094" level="INFO">To JSON using : content={"result":"1.6"} </msg>
<msg timestamp="20220127 10:51:53.094" level="INFO">To JSON using : pretty_print=False </msg>
<msg timestamp="20220127 10:51:53.094" level="INFO">${json_object} = {'result': '1.6'}</msg>
<status status="PASS" starttime="20220127 10:51:53.094" endtime="20220127 10:51:53.094"></status>
</kw>
<kw name="Get Value From Json" library="JSONLibrary">
<doc>Get Value From JSON using JSONPath</doc>
<arguments>
<arg>${json_object}</arg>
<arg>$.result</arg>
</arguments>
<assign>
<var>${result_value}</var>
</assign>
<msg timestamp="20220127 10:51:53.141" level="INFO">${result_value} = ['1.6']</msg>
<status status="PASS" starttime="20220127 10:51:53.094" endtime="20220127 10:51:53.141"></status>
</kw>
<kw name="Convert To String" library="BuiltIn">
<doc>Converts the given item to a Unicode string.</doc>
<arguments>
<arg>${response.status_code}</arg>
</arguments>
<assign>
<var>${json_status_code}</var>
</assign>
<msg timestamp="20220127 10:51:53.142" level="INFO">${json_status_code} = 200</msg>
<status status="PASS" starttime="20220127 10:51:53.141" endtime="20220127 10:51:53.142"></status>
</kw>
<kw name="Should Be Equal" library="BuiltIn">
<doc>Fails if the given objects are unequal.</doc>
<arguments>
<arg>${json_status_code}</arg>
<arg>200</arg>
</arguments>
<status status="PASS" starttime="20220127 10:51:53.142" endtime="20220127 10:51:53.142"></status>
</kw>
<kw name="Log" library="BuiltIn">
<doc>Logs the given message with the given level.</doc>
<arguments>
<arg>${result_value}</arg>
</arguments>
<msg timestamp="20220127 10:51:53.142" level="INFO">['1.6']</msg>
<status status="PASS" starttime="20220127 10:51:53.142" endtime="20220127 10:51:53.142"></status>
</kw>
<kw name="Convert To Number" library="BuiltIn">
<doc>Converts the given item to a floating point number.</doc>
<arguments>
<arg>${result_value[0]}</arg>
</arguments>
<assign>
<var>${Version_OK}</var>
</assign>
<msg timestamp="20220127 10:51:53.143" level="INFO">${Version_OK} = 1.6</msg>
<status status="PASS" starttime="20220127 10:51:53.143" endtime="20220127 10:51:53.143"></status>
</kw>
<kw name="Log" library="BuiltIn">
<doc>Logs the given message with the given level.</doc>
<arguments>
<arg>${Version_OK}</arg>
</arguments>
<msg timestamp="20220127 10:51:53.143" level="INFO">1.6</msg>
<status status="PASS" starttime="20220127 10:51:53.143" endtime="20220127 10:51:53.143"></status>
</kw>
<kw name="Run Keyword If" library="BuiltIn">
<doc>Runs the given keyword with the given arguments, if ``condition`` is true.</doc>
<arguments>
<arg>${Version_OK} == 1.6</arg>
<arg>Run Keywords</arg>
<arg>Continue For Loop</arg>
<arg>AND</arg>
<arg>Fail</arg>
<arg>"Do not meet Error Validation Criteria"</arg>
<arg>ELSE</arg>
<arg>Run keyword And Continue On Failure</arg>
<arg>Should Be True</arg>
<arg>${result_value[0]} &gt; 1.6</arg>
</arguments>
<kw name="Run Keywords" library="BuiltIn">
<doc>Executes all the given keywords in a sequence.</doc>
<arguments>
<arg>Continue For Loop</arg>
<arg>AND</arg>
<arg>Fail</arg>
<arg>"Do not meet Error Validation Criteria"</arg>
</arguments>
<kw name="Continue For Loop" library="BuiltIn">
<doc>Skips the current for loop iteration and continues from the next.</doc>
<msg timestamp="20220127 10:51:53.144" level="INFO">Continuing for loop from the next iteration.</msg>
<status status="PASS" starttime="20220127 10:51:53.144" endtime="20220127 10:51:53.144"></status>
</kw>
<status status="PASS" starttime="20220127 10:51:53.144" endtime="20220127 10:51:53.144"></status>
</kw>
<status status="PASS" starttime="20220127 10:51:53.143" endtime="20220127 10:51:53.145"></status>
</kw>
<status status="PASS" starttime="20220127 10:51:52.776" endtime="20220127 10:51:53.145"></status>
</kw>
<kw name="${station} = 2" type="foritem">
<kw name="Log" library="BuiltIn">
<doc>Logs the given message with the given level.</doc>
<arguments>
<arg>${station}</arg>
</arguments>
<msg timestamp="20220127 10:51:53.145" level="INFO">2</msg>
<status status="PASS" starttime="20220127 10:51:53.145" endtime="20220127 10:51:53.145"></status>
</kw>
<kw name="Create Session" library="RequestsLibrary">
<doc>Create Session: create a HTTP session to a server</doc>
<arguments>
<arg>mysession</arg>
<arg>${Base_url}</arg>
</arguments>
<msg timestamp="20220127 10:51:53.145" level="INFO">Creating Session using : alias=mysession, url=https://api-energy-k8s.test.virtaglobal.com, headers={},                     cookies=None, auth=None, timeout=None, proxies=None, verify=False,                     debug=0 </msg>
<status status="PASS" starttime="20220127 10:51:53.145" endtime="20220127 10:51:53.145"></status>
</kw>
<kw name="Create Dictionary" library="BuiltIn">
<doc>Creates and returns a dictionary based on the given ``items``.</doc>
<arguments>
<arg>Content-Type</arg>
<arg>application/json</arg>
</arguments>
<assign>
<var>${headers}</var>
</assign>
<msg timestamp="20220127 10:51:53.145" level="INFO">${headers} = {'Content-Type': 'application/json'}</msg>
<status status="PASS" starttime="20220127 10:51:53.145" endtime="20220127 10:51:53.145"></status>
</kw>
<kw name="Create Dictionary" library="BuiltIn">
<doc>Creates and returns a dictionary based on the given ``items``.</doc>
<arguments>
<arg>command=getVersion</arg>
</arguments>
<assign>
<var>&amp;{data}</var>
</assign>
<msg timestamp="20220127 10:51:53.145" level="INFO">&amp;{data} = { command=getVersion }</msg>
<status status="PASS" starttime="20220127 10:51:53.145" endtime="20220127 10:51:53.145"></status>
</kw>
<kw name="Post Request" library="RequestsLibrary">
<doc>Send a POST request on the session object found using the
given `alias`</doc>
<arguments>
<arg>mysession</arg>
<arg>v1/tests/${station}</arg>
<arg>headers=${headers}</arg>
<arg>json=${data}</arg>
</arguments>
<assign>
<var>${response}</var>
</assign>
<msg timestamp="20220127 10:51:53.439" level="INFO">Post Request using : alias=mysession, uri=v1/tests/2, data=&lt;empty&gt;, headers={'Content-Type': 'application/json'}, files=None, allow_redirects=True </msg>
<msg timestamp="20220127 10:51:53.439" level="INFO">${response} = &lt;Response [200]&gt;</msg>
<status status="PASS" starttime="20220127 10:51:53.145" endtime="20220127 10:51:53.439"></status>
</kw>
<kw name="To Json" library="RequestsLibrary">
<doc>Convert a string to a JSON object</doc>
<arguments>
<arg>${response.content}</arg>
</arguments>
<assign>
<var>${json_object}</var>
</assign>
<msg timestamp="20220127 10:51:53.441" level="INFO">To JSON using : content={"result":"1.6"} </msg>
<msg timestamp="20220127 10:51:53.441" level="INFO">To JSON using : pretty_print=False </msg>
<msg timestamp="20220127 10:51:53.441" level="INFO">${json_object} = {'result': '1.6'}</msg>
<status status="PASS" starttime="20220127 10:51:53.440" endtime="20220127 10:51:53.441"></status>
</kw>
<kw name="Get Value From Json" library="JSONLibrary">
<doc>Get Value From JSON using JSONPath</doc>
<arguments>
<arg>${json_object}</arg>
<arg>$.result</arg>
</arguments>
<assign>
<var>${result_value}</var>
</assign>
<msg timestamp="20220127 10:51:53.504" level="INFO">${result_value} = ['1.6']</msg>
<status status="PASS" starttime="20220127 10:51:53.442" endtime="20220127 10:51:53.504"></status>
</kw>
<kw name="Convert To String" library="BuiltIn">
<doc>Converts the given item to a Unicode string.</doc>
<arguments>
<arg>${response.status_code}</arg>
</arguments>
<assign>
<var>${json_status_code}</var>
</assign>
<msg timestamp="20220127 10:51:53.504" level="INFO">${json_status_code} = 200</msg>
<status status="PASS" starttime="20220127 10:51:53.504" endtime="20220127 10:51:53.504"></status>
</kw>
<kw name="Should Be Equal" library="BuiltIn">
<doc>Fails if the given objects are unequal.</doc>
<arguments>
<arg>${json_status_code}</arg>
<arg>200</arg>
</arguments>
<status status="PASS" starttime="20220127 10:51:53.504" endtime="20220127 10:51:53.504"></status>
</kw>
<kw name="Log" library="BuiltIn">
<doc>Logs the given message with the given level.</doc>
<arguments>
<arg>${result_value}</arg>
</arguments>
<msg timestamp="20220127 10:51:53.506" level="INFO">['1.6']</msg>
<status status="PASS" starttime="20220127 10:51:53.504" endtime="20220127 10:51:53.506"></status>
</kw>
<kw name="Convert To Number" library="BuiltIn">
<doc>Converts the given item to a floating point number.</doc>
<arguments>
<arg>${result_value[0]}</arg>
</arguments>
<assign>
<var>${Version_OK}</var>
</assign>
<msg timestamp="20220127 10:51:53.506" level="INFO">${Version_OK} = 1.6</msg>
<status status="PASS" starttime="20220127 10:51:53.506" endtime="20220127 10:51:53.506"></status>
</kw>
<kw name="Log" library="BuiltIn">
<doc>Logs the given message with the given level.</doc>
<arguments>
<arg>${Version_OK}</arg>
</arguments>
<msg timestamp="20220127 10:51:53.507" level="INFO">1.6</msg>
<status status="PASS" starttime="20220127 10:51:53.507" endtime="20220127 10:51:53.507"></status>
</kw>
<kw name="Run Keyword If" library="BuiltIn">
<doc>Runs the given keyword with the given arguments, if ``condition`` is true.</doc>
<arguments>
<arg>${Version_OK} == 1.6</arg>
<arg>Run Keywords</arg>
<arg>Continue For Loop</arg>
<arg>AND</arg>
<arg>Fail</arg>
<arg>"Do not meet Error Validation Criteria"</arg>
<arg>ELSE</arg>
<arg>Run keyword And Continue On Failure</arg>
<arg>Should Be True</arg>
<arg>${result_value[0]} &gt; 1.6</arg>
</arguments>
<kw name="Run Keywords" library="BuiltIn">
<doc>Executes all the given keywords in a sequence.</doc>
<arguments>
<arg>Continue For Loop</arg>
<arg>AND</arg>
<arg>Fail</arg>
<arg>"Do not meet Error Validation Criteria"</arg>
</arguments>
<kw name="Continue For Loop" library="BuiltIn">
<doc>Skips the current for loop iteration and continues from the next.</doc>
<msg timestamp="20220127 10:51:53.509" level="INFO">Continuing for loop from the next iteration.</msg>
<status status="PASS" starttime="20220127 10:51:53.509" endtime="20220127 10:51:53.509"></status>
</kw>
<status status="PASS" starttime="20220127 10:51:53.507" endtime="20220127 10:51:53.509"></status>
</kw>
<status status="PASS" starttime="20220127 10:51:53.507" endtime="20220127 10:51:53.509"></status>
</kw>
<status status="PASS" starttime="20220127 10:51:53.145" endtime="20220127 10:51:53.509"></status>
</kw>
<kw name="${station} = 3" type="foritem">
<kw name="Log" library="BuiltIn">
<doc>Logs the given message with the given level.</doc>
<arguments>
<arg>${station}</arg>
</arguments>
<msg timestamp="20220127 10:51:53.510" level="INFO">3</msg>
<status status="PASS" starttime="20220127 10:51:53.510" endtime="20220127 10:51:53.510"></status>
</kw>
<kw name="Create Session" library="RequestsLibrary">
<doc>Create Session: create a HTTP session to a server</doc>
<arguments>
<arg>mysession</arg>
<arg>${Base_url}</arg>
</arguments>
<msg timestamp="20220127 10:51:53.511" level="INFO">Creating Session using : alias=mysession, url=https://api-energy-k8s.test.virtaglobal.com, headers={},                     cookies=None, auth=None, timeout=None, proxies=None, verify=False,                     debug=0 </msg>
<status status="PASS" starttime="20220127 10:51:53.511" endtime="20220127 10:51:53.512"></status>
</kw>
<kw name="Create Dictionary" library="BuiltIn">
<doc>Creates and returns a dictionary based on the given ``items``.</doc>
<arguments>
<arg>Content-Type</arg>
<arg>application/json</arg>
</arguments>
<assign>
<var>${headers}</var>
</assign>
<msg timestamp="20220127 10:51:53.512" level="INFO">${headers} = {'Content-Type': 'application/json'}</msg>
<status status="PASS" starttime="20220127 10:51:53.512" endtime="20220127 10:51:53.512"></status>
</kw>
<kw name="Create Dictionary" library="BuiltIn">
<doc>Creates and returns a dictionary based on the given ``items``.</doc>
<arguments>
<arg>command=getVersion</arg>
</arguments>
<assign>
<var>&amp;{data}</var>
</assign>
<msg timestamp="20220127 10:51:53.513" level="INFO">&amp;{data} = { command=getVersion }</msg>
<status status="PASS" starttime="20220127 10:51:53.513" endtime="20220127 10:51:53.513"></status>
</kw>
<kw name="Post Request" library="RequestsLibrary">
<doc>Send a POST request on the session object found using the
given `alias`</doc>
<arguments>
<arg>mysession</arg>
<arg>v1/tests/${station}</arg>
<arg>headers=${headers}</arg>
<arg>json=${data}</arg>
</arguments>
<assign>
<var>${response}</var>
</assign>
<msg timestamp="20220127 10:51:53.840" level="INFO">Post Request using : alias=mysession, uri=v1/tests/3, data=&lt;empty&gt;, headers={'Content-Type': 'application/json'}, files=None, allow_redirects=True </msg>
<msg timestamp="20220127 10:51:53.840" level="INFO">${response} = &lt;Response [200]&gt;</msg>
<status status="PASS" starttime="20220127 10:51:53.513" endtime="20220127 10:51:53.840"></status>
</kw>
<kw name="To Json" library="RequestsLibrary">
<doc>Convert a string to a JSON object</doc>
<arguments>
<arg>${response.content}</arg>
</arguments>
<assign>
<var>${json_object}</var>
</assign>
<msg timestamp="20220127 10:51:53.841" level="INFO">To JSON using : content={"result":"1.6"} </msg>
<msg timestamp="20220127 10:51:53.841" level="INFO">To JSON using : pretty_print=False </msg>
<msg timestamp="20220127 10:51:53.842" level="INFO">${json_object} = {'result': '1.6'}</msg>
<status status="PASS" starttime="20220127 10:51:53.841" endtime="20220127 10:51:53.842"></status>
</kw>
<kw name="Get Value From Json" library="JSONLibrary">
<doc>Get Value From JSON using JSONPath</doc>
<arguments>
<arg>${json_object}</arg>
<arg>$.result</arg>
</arguments>
<assign>
<var>${result_value}</var>
</assign>
<msg timestamp="20220127 10:51:53.904" level="INFO">${result_value} = ['1.6']</msg>
<status status="PASS" starttime="20220127 10:51:53.842" endtime="20220127 10:51:53.904"></status>
</kw>
<kw name="Convert To String" library="BuiltIn">
<doc>Converts the given item to a Unicode string.</doc>
<arguments>
<arg>${response.status_code}</arg>
</arguments>
<assign>
<var>${json_status_code}</var>
</assign>
<msg timestamp="20220127 10:51:53.905" level="INFO">${json_status_code} = 200</msg>
<status status="PASS" starttime="20220127 10:51:53.905" endtime="20220127 10:51:53.905"></status>
</kw>
<kw name="Should Be Equal" library="BuiltIn">
<doc>Fails if the given objects are unequal.</doc>
<arguments>
<arg>${json_status_code}</arg>
<arg>200</arg>
</arguments>
<status status="PASS" starttime="20220127 10:51:53.905" endtime="20220127 10:51:53.906"></status>
</kw>
<kw name="Log" library="BuiltIn">
<doc>Logs the given message with the given level.</doc>
<arguments>
<arg>${result_value}</arg>
</arguments>
<msg timestamp="20220127 10:51:53.907" level="INFO">['1.6']</msg>
<status status="PASS" starttime="20220127 10:51:53.906" endtime="20220127 10:51:53.907"></status>
</kw>
<kw name="Convert To Number" library="BuiltIn">
<doc>Converts the given item to a floating point number.</doc>
<arguments>
<arg>${result_value[0]}</arg>
</arguments>
<assign>
<var>${Version_OK}</var>
</assign>
<msg timestamp="20220127 10:51:53.908" level="INFO">${Version_OK} = 1.6</msg>
<status status="PASS" starttime="20220127 10:51:53.907" endtime="20220127 10:51:53.908"></status>
</kw>
<kw name="Log" library="BuiltIn">
<doc>Logs the given message with the given level.</doc>
<arguments>
<arg>${Version_OK}</arg>
</arguments>
<msg timestamp="20220127 10:51:53.908" level="INFO">1.6</msg>
<status status="PASS" starttime="20220127 10:51:53.908" endtime="20220127 10:51:53.908"></status>
</kw>
<kw name="Run Keyword If" library="BuiltIn">
<doc>Runs the given keyword with the given arguments, if ``condition`` is true.</doc>
<arguments>
<arg>${Version_OK} == 1.6</arg>
<arg>Run Keywords</arg>
<arg>Continue For Loop</arg>
<arg>AND</arg>
<arg>Fail</arg>
<arg>"Do not meet Error Validation Criteria"</arg>
<arg>ELSE</arg>
<arg>Run keyword And Continue On Failure</arg>
<arg>Should Be True</arg>
<arg>${result_value[0]} &gt; 1.6</arg>
</arguments>
<kw name="Run Keywords" library="BuiltIn">
<doc>Executes all the given keywords in a sequence.</doc>
<arguments>
<arg>Continue For Loop</arg>
<arg>AND</arg>
<arg>Fail</arg>
<arg>"Do not meet Error Validation Criteria"</arg>
</arguments>
<kw name="Continue For Loop" library="BuiltIn">
<doc>Skips the current for loop iteration and continues from the next.</doc>
<msg timestamp="20220127 10:51:53.910" level="INFO">Continuing for loop from the next iteration.</msg>
<status status="PASS" starttime="20220127 10:51:53.910" endtime="20220127 10:51:53.910"></status>
</kw>
<status status="PASS" starttime="20220127 10:51:53.909" endtime="20220127 10:51:53.910"></status>
</kw>
<status status="PASS" starttime="20220127 10:51:53.909" endtime="20220127 10:51:53.910"></status>
</kw>
<status status="PASS" starttime="20220127 10:51:53.509" endtime="20220127 10:51:53.910"></status>
</kw>
<kw name="${station} = 3" type="foritem">
<kw name="Log" library="BuiltIn">
<doc>Logs the given message with the given level.</doc>
<arguments>
<arg>${station}</arg>
</arguments>
<msg timestamp="20220127 10:51:53.911" level="INFO">3</msg>
<status status="PASS" starttime="20220127 10:51:53.911" endtime="20220127 10:51:53.911"></status>
</kw>
<kw name="Create Session" library="RequestsLibrary">
<doc>Create Session: create a HTTP session to a server</doc>
<arguments>
<arg>mysession</arg>
<arg>${Base_url}</arg>
</arguments>
<msg timestamp="20220127 10:51:53.911" level="INFO">Creating Session using : alias=mysession, url=https://api-energy-k8s.test.virtaglobal.com, headers={},                     cookies=None, auth=None, timeout=None, proxies=None, verify=False,                     debug=0 </msg>
<status status="PASS" starttime="20220127 10:51:53.911" endtime="20220127 10:51:53.912"></status>
</kw>
<kw name="Create Dictionary" library="BuiltIn">
<doc>Creates and returns a dictionary based on the given ``items``.</doc>
<arguments>
<arg>Content-Type</arg>
<arg>application/json</arg>
</arguments>
<assign>
<var>${headers}</var>
</assign>
<msg timestamp="20220127 10:51:53.912" level="INFO">${headers} = {'Content-Type': 'application/json'}</msg>
<status status="PASS" starttime="20220127 10:51:53.912" endtime="20220127 10:51:53.912"></status>
</kw>
<kw name="Create Dictionary" library="BuiltIn">
<doc>Creates and returns a dictionary based on the given ``items``.</doc>
<arguments>
<arg>command=getVersion</arg>
</arguments>
<assign>
<var>&amp;{data}</var>
</assign>
<msg timestamp="20220127 10:51:53.912" level="INFO">&amp;{data} = { command=getVersion }</msg>
<status status="PASS" starttime="20220127 10:51:53.912" endtime="20220127 10:51:53.912"></status>
</kw>
<kw name="Post Request" library="RequestsLibrary">
<doc>Send a POST request on the session object found using the
given `alias`</doc>
<arguments>
<arg>mysession</arg>
<arg>v1/tests/${station}</arg>
<arg>headers=${headers}</arg>
<arg>json=${data}</arg>
</arguments>
<assign>
<var>${response}</var>
</assign>
<msg timestamp="20220127 10:51:54.230" level="INFO">Post Request using : alias=mysession, uri=v1/tests/3, data=&lt;empty&gt;, headers={'Content-Type': 'application/json'}, files=None, allow_redirects=True </msg>
<msg timestamp="20220127 10:51:54.231" level="INFO">${response} = &lt;Response [200]&gt;</msg>
<status status="PASS" starttime="20220127 10:51:53.912" endtime="20220127 10:51:54.231"></status>
</kw>
<kw name="To Json" library="RequestsLibrary">
<doc>Convert a string to a JSON object</doc>
<arguments>
<arg>${response.content}</arg>
</arguments>
<assign>
<var>${json_object}</var>
</assign>
<msg timestamp="20220127 10:51:54.232" level="INFO">To JSON using : content={"result":"1.6"} </msg>
<msg timestamp="20220127 10:51:54.232" level="INFO">To JSON using : pretty_print=False </msg>
<msg timestamp="20220127 10:51:54.232" level="INFO">${json_object} = {'result': '1.6'}</msg>
<status status="PASS" starttime="20220127 10:51:54.231" endtime="20220127 10:51:54.232"></status>
</kw>
<kw name="Get Value From Json" library="JSONLibrary">
<doc>Get Value From JSON using JSONPath</doc>
<arguments>
<arg>${json_object}</arg>
<arg>$.result</arg>
</arguments>
<assign>
<var>${result_value}</var>
</assign>
<msg timestamp="20220127 10:51:54.295" level="INFO">${result_value} = ['1.6']</msg>
<status status="PASS" starttime="20220127 10:51:54.232" endtime="20220127 10:51:54.299"></status>
</kw>
<kw name="Convert To String" library="BuiltIn">
<doc>Converts the given item to a Unicode string.</doc>
<arguments>
<arg>${response.status_code}</arg>
</arguments>
<assign>
<var>${json_status_code}</var>
</assign>
<msg timestamp="20220127 10:51:54.300" level="INFO">${json_status_code} = 200</msg>
<status status="PASS" starttime="20220127 10:51:54.299" endtime="20220127 10:51:54.301"></status>
</kw>
<kw name="Should Be Equal" library="BuiltIn">
<doc>Fails if the given objects are unequal.</doc>
<arguments>
<arg>${json_status_code}</arg>
<arg>200</arg>
</arguments>
<status status="PASS" starttime="20220127 10:51:54.301" endtime="20220127 10:51:54.302"></status>
</kw>
<kw name="Log" library="BuiltIn">
<doc>Logs the given message with the given level.</doc>
<arguments>
<arg>${result_value}</arg>
</arguments>
<msg timestamp="20220127 10:51:54.303" level="INFO">['1.6']</msg>
<status status="PASS" starttime="20220127 10:51:54.302" endtime="20220127 10:51:54.303"></status>
</kw>
<kw name="Convert To Number" library="BuiltIn">
<doc>Converts the given item to a floating point number.</doc>
<arguments>
<arg>${result_value[0]}</arg>
</arguments>
<assign>
<var>${Version_OK}</var>
</assign>
<msg timestamp="20220127 10:51:54.304" level="INFO">${Version_OK} = 1.6</msg>
<status status="PASS" starttime="20220127 10:51:54.304" endtime="20220127 10:51:54.304"></status>
</kw>
<kw name="Log" library="BuiltIn">
<doc>Logs the given message with the given level.</doc>
<arguments>
<arg>${Version_OK}</arg>
</arguments>
<msg timestamp="20220127 10:51:54.305" level="INFO">1.6</msg>
<status status="PASS" starttime="20220127 10:51:54.304" endtime="20220127 10:51:54.305"></status>
</kw>
<kw name="Run Keyword If" library="BuiltIn">
<doc>Runs the given keyword with the given arguments, if ``condition`` is true.</doc>
<arguments>
<arg>${Version_OK} == 1.6</arg>
<arg>Run Keywords</arg>
<arg>Continue For Loop</arg>
<arg>AND</arg>
<arg>Fail</arg>
<arg>"Do not meet Error Validation Criteria"</arg>
<arg>ELSE</arg>
<arg>Run keyword And Continue On Failure</arg>
<arg>Should Be True</arg>
<arg>${result_value[0]} &gt; 1.6</arg>
</arguments>
<kw name="Run Keywords" library="BuiltIn">
<doc>Executes all the given keywords in a sequence.</doc>
<arguments>
<arg>Continue For Loop</arg>
<arg>AND</arg>
<arg>Fail</arg>
<arg>"Do not meet Error Validation Criteria"</arg>
</arguments>
<kw name="Continue For Loop" library="BuiltIn">
<doc>Skips the current for loop iteration and continues from the next.</doc>
<msg timestamp="20220127 10:51:54.306" level="INFO">Continuing for loop from the next iteration.</msg>
<status status="PASS" starttime="20220127 10:51:54.306" endtime="20220127 10:51:54.306"></status>
</kw>
<status status="PASS" starttime="20220127 10:51:54.306" endtime="20220127 10:51:54.306"></status>
</kw>
<status status="PASS" starttime="20220127 10:51:54.305" endtime="20220127 10:51:54.306"></status>
</kw>
<status status="PASS" starttime="20220127 10:51:53.910" endtime="20220127 10:51:54.306"></status>
</kw>
<kw name="${station} = 4" type="foritem">
<kw name="Log" library="BuiltIn">
<doc>Logs the given message with the given level.</doc>
<arguments>
<arg>${station}</arg>
</arguments>
<msg timestamp="20220127 10:51:54.306" level="INFO">4</msg>
<status status="PASS" starttime="20220127 10:51:54.306" endtime="20220127 10:51:54.309"></status>
</kw>
<kw name="Create Session" library="RequestsLibrary">
<doc>Create Session: create a HTTP session to a server</doc>
<arguments>
<arg>mysession</arg>
<arg>${Base_url}</arg>
</arguments>
<msg timestamp="20220127 10:51:54.310" level="INFO">Creating Session using : alias=mysession, url=https://api-energy-k8s.test.virtaglobal.com, headers={},                     cookies=None, auth=None, timeout=None, proxies=None, verify=False,                     debug=0 </msg>
<status status="PASS" starttime="20220127 10:51:54.309" endtime="20220127 10:51:54.311"></status>
</kw>
<kw name="Create Dictionary" library="BuiltIn">
<doc>Creates and returns a dictionary based on the given ``items``.</doc>
<arguments>
<arg>Content-Type</arg>
<arg>application/json</arg>
</arguments>
<assign>
<var>${headers}</var>
</assign>
<msg timestamp="20220127 10:51:54.312" level="INFO">${headers} = {'Content-Type': 'application/json'}</msg>
<status status="PASS" starttime="20220127 10:51:54.311" endtime="20220127 10:51:54.312"></status>
</kw>
<kw name="Create Dictionary" library="BuiltIn">
<doc>Creates and returns a dictionary based on the given ``items``.</doc>
<arguments>
<arg>command=getVersion</arg>
</arguments>
<assign>
<var>&amp;{data}</var>
</assign>
<msg timestamp="20220127 10:51:54.312" level="INFO">&amp;{data} = { command=getVersion }</msg>
<status status="PASS" starttime="20220127 10:51:54.312" endtime="20220127 10:51:54.312"></status>
</kw>
<kw name="Post Request" library="RequestsLibrary">
<doc>Send a POST request on the session object found using the
given `alias`</doc>
<arguments>
<arg>mysession</arg>
<arg>v1/tests/${station}</arg>
<arg>headers=${headers}</arg>
<arg>json=${data}</arg>
</arguments>
<assign>
<var>${response}</var>
</assign>
<msg timestamp="20220127 10:51:54.632" level="INFO">Post Request using : alias=mysession, uri=v1/tests/4, data=&lt;empty&gt;, headers={'Content-Type': 'application/json'}, files=None, allow_redirects=True </msg>
<msg timestamp="20220127 10:51:54.633" level="INFO">${response} = &lt;Response [200]&gt;</msg>
<status status="PASS" starttime="20220127 10:51:54.312" endtime="20220127 10:51:54.633"></status>
</kw>
<kw name="To Json" library="RequestsLibrary">
<doc>Convert a string to a JSON object</doc>
<arguments>
<arg>${response.content}</arg>
</arguments>
<assign>
<var>${json_object}</var>
</assign>
<msg timestamp="20220127 10:51:54.634" level="INFO">To JSON using : content={"result":"1.7"} </msg>
<msg timestamp="20220127 10:51:54.634" level="INFO">To JSON using : pretty_print=False </msg>
<msg timestamp="20220127 10:51:54.635" level="INFO">${json_object} = {'result': '1.7'}</msg>
<status status="PASS" starttime="20220127 10:51:54.633" endtime="20220127 10:51:54.635"></status>
</kw>
<kw name="Get Value From Json" library="JSONLibrary">
<doc>Get Value From JSON using JSONPath</doc>
<arguments>
<arg>${json_object}</arg>
<arg>$.result</arg>
</arguments>
<assign>
<var>${result_value}</var>
</assign>
<msg timestamp="20220127 10:51:54.698" level="INFO">${result_value} = ['1.7']</msg>
<status status="PASS" starttime="20220127 10:51:54.635" endtime="20220127 10:51:54.698"></status>
</kw>
<kw name="Convert To String" library="BuiltIn">
<doc>Converts the given item to a Unicode string.</doc>
<arguments>
<arg>${response.status_code}</arg>
</arguments>
<assign>
<var>${json_status_code}</var>
</assign>
<msg timestamp="20220127 10:51:54.701" level="INFO">${json_status_code} = 200</msg>
<status status="PASS" starttime="20220127 10:51:54.700" endtime="20220127 10:51:54.701"></status>
</kw>
<kw name="Should Be Equal" library="BuiltIn">
<doc>Fails if the given objects are unequal.</doc>
<arguments>
<arg>${json_status_code}</arg>
<arg>200</arg>
</arguments>
<status status="PASS" starttime="20220127 10:51:54.701" endtime="20220127 10:51:54.702"></status>
</kw>
<kw name="Log" library="BuiltIn">
<doc>Logs the given message with the given level.</doc>
<arguments>
<arg>${result_value}</arg>
</arguments>
<msg timestamp="20220127 10:51:54.703" level="INFO">['1.7']</msg>
<status status="PASS" starttime="20220127 10:51:54.702" endtime="20220127 10:51:54.703"></status>
</kw>
<kw name="Convert To Number" library="BuiltIn">
<doc>Converts the given item to a floating point number.</doc>
<arguments>
<arg>${result_value[0]}</arg>
</arguments>
<assign>
<var>${Version_OK}</var>
</assign>
<msg timestamp="20220127 10:51:54.703" level="INFO">${Version_OK} = 1.7</msg>
<status status="PASS" starttime="20220127 10:51:54.703" endtime="20220127 10:51:54.703"></status>
</kw>
<kw name="Log" library="BuiltIn">
<doc>Logs the given message with the given level.</doc>
<arguments>
<arg>${Version_OK}</arg>
</arguments>
<msg timestamp="20220127 10:51:54.704" level="INFO">1.7</msg>
<status status="PASS" starttime="20220127 10:51:54.704" endtime="20220127 10:51:54.704"></status>
</kw>
<kw name="Run Keyword If" library="BuiltIn">
<doc>Runs the given keyword with the given arguments, if ``condition`` is true.</doc>
<arguments>
<arg>${Version_OK} == 1.6</arg>
<arg>Run Keywords</arg>
<arg>Continue For Loop</arg>
<arg>AND</arg>
<arg>Fail</arg>
<arg>"Do not meet Error Validation Criteria"</arg>
<arg>ELSE</arg>
<arg>Run keyword And Continue On Failure</arg>
<arg>Should Be True</arg>
<arg>${result_value[0]} &gt; 1.6</arg>
</arguments>
<kw name="Run Keyword And Continue On Failure" library="BuiltIn">
<doc>Runs the keyword and continues execution even if a failure occurs.</doc>
<arguments>
<arg>Should Be True</arg>
<arg>${result_value[0]} &gt; 1.6</arg>
</arguments>
<kw name="Should Be True" library="BuiltIn">
<doc>Fails if the given condition is not true.</doc>
<arguments>
<arg>${result_value[0]} &gt; 1.6</arg>
</arguments>
<status status="PASS" starttime="20220127 10:51:54.705" endtime="20220127 10:51:54.705"></status>
</kw>
<status status="PASS" starttime="20220127 10:51:54.705" endtime="20220127 10:51:54.706"></status>
</kw>
<status status="PASS" starttime="20220127 10:51:54.704" endtime="20220127 10:51:54.706"></status>
</kw>
<status status="PASS" starttime="20220127 10:51:54.306" endtime="20220127 10:51:54.706"></status>
</kw>
<kw name="${station} = 5" type="foritem">
<kw name="Log" library="BuiltIn">
<doc>Logs the given message with the given level.</doc>
<arguments>
<arg>${station}</arg>
</arguments>
<msg timestamp="20220127 10:51:54.706" level="INFO">5</msg>
<status status="PASS" starttime="20220127 10:51:54.706" endtime="20220127 10:51:54.706"></status>
</kw>
<kw name="Create Session" library="RequestsLibrary">
<doc>Create Session: create a HTTP session to a server</doc>
<arguments>
<arg>mysession</arg>
<arg>${Base_url}</arg>
</arguments>
<msg timestamp="20220127 10:51:54.707" level="INFO">Creating Session using : alias=mysession, url=https://api-energy-k8s.test.virtaglobal.com, headers={},                     cookies=None, auth=None, timeout=None, proxies=None, verify=False,                     debug=0 </msg>
<status status="PASS" starttime="20220127 10:51:54.707" endtime="20220127 10:51:54.708"></status>
</kw>
<kw name="Create Dictionary" library="BuiltIn">
<doc>Creates and returns a dictionary based on the given ``items``.</doc>
<arguments>
<arg>Content-Type</arg>
<arg>application/json</arg>
</arguments>
<assign>
<var>${headers}</var>
</assign>
<msg timestamp="20220127 10:51:54.708" level="INFO">${headers} = {'Content-Type': 'application/json'}</msg>
<status status="PASS" starttime="20220127 10:51:54.708" endtime="20220127 10:51:54.708"></status>
</kw>
<kw name="Create Dictionary" library="BuiltIn">
<doc>Creates and returns a dictionary based on the given ``items``.</doc>
<arguments>
<arg>command=getVersion</arg>
</arguments>
<assign>
<var>&amp;{data}</var>
</assign>
<msg timestamp="20220127 10:51:54.710" level="INFO">&amp;{data} = { command=getVersion }</msg>
<status status="PASS" starttime="20220127 10:51:54.709" endtime="20220127 10:51:54.710"></status>
</kw>
<kw name="Post Request" library="RequestsLibrary">
<doc>Send a POST request on the session object found using the
given `alias`</doc>
<arguments>
<arg>mysession</arg>
<arg>v1/tests/${station}</arg>
<arg>headers=${headers}</arg>
<arg>json=${data}</arg>
</arguments>
<assign>
<var>${response}</var>
</assign>
<msg timestamp="20220127 10:51:55.012" level="INFO">Post Request using : alias=mysession, uri=v1/tests/5, data=&lt;empty&gt;, headers={'Content-Type': 'application/json'}, files=None, allow_redirects=True </msg>
<msg timestamp="20220127 10:51:55.012" level="INFO">${response} = &lt;Response [500]&gt;</msg>
<status status="PASS" starttime="20220127 10:51:54.710" endtime="20220127 10:51:55.012"></status>
</kw>
<kw name="To Json" library="RequestsLibrary">
<doc>Convert a string to a JSON object</doc>
<arguments>
<arg>${response.content}</arg>
</arguments>
<assign>
<var>${json_object}</var>
</assign>
<msg timestamp="20220127 10:51:55.016" level="FAIL">JSONDecodeError: Expecting value: line 1 column 1 (char 0)</msg>
<status status="FAIL" starttime="20220127 10:51:55.012" endtime="20220127 10:51:55.016"></status>
</kw>
<status status="FAIL" starttime="20220127 10:51:54.706" endtime="20220127 10:51:55.016"></status>
</kw>
<status status="FAIL" starttime="20220127 10:51:52.776" endtime="20220127 10:51:55.016"></status>
</kw>
<status status="FAIL" starttime="20220127 10:51:52.776" endtime="20220127 10:51:55.016"></status>
</kw>
<kw name="Delete All Sessions" library="RequestsLibrary" type="teardown">
<doc>Removes all the session objects</doc>
<msg timestamp="20220127 10:51:55.019" level="INFO">Delete All Sessions</msg>
<status status="PASS" starttime="20220127 10:51:55.019" endtime="20220127 10:51:55.026"></status>
</kw>
<doc>This testcase Tests GetVersion Api end point with Diffrent
Valid Stations in a loop
Inorder to verify if the Defined Acceeptance criteria is met.</doc>
<tags>
<tag>Smoke</tag>
</tags>
<status status="FAIL" starttime="20220127 10:51:52.775" endtime="20220127 10:51:55.026" critical="yes">JSONDecodeError: Expecting value: line 1 column 1 (char 0)</status>
</test>
<test id="s1-s2-t2" name="TC_02.0.0 Test GetInterval Api">
<kw name="KW_02 Get the interval of Valid Stations" library="keywords">
<kw name="${station} IN [ @{stationIdP} ]" type="for">
<kw name="${station} = 3" type="foritem">
<kw name="Log" library="BuiltIn">
<doc>Logs the given message with the given level.</doc>
<arguments>
<arg>${station}</arg>
</arguments>
<msg timestamp="20220127 10:51:55.032" level="INFO">3</msg>
<status status="PASS" starttime="20220127 10:51:55.031" endtime="20220127 10:51:55.032"></status>
</kw>
<kw name="Create Session" library="RequestsLibrary">
<doc>Create Session: create a HTTP session to a server</doc>
<arguments>
<arg>mysession</arg>
<arg>${Base_url}</arg>
</arguments>
<msg timestamp="20220127 10:51:55.032" level="INFO">Creating Session using : alias=mysession, url=https://api-energy-k8s.test.virtaglobal.com, headers={},                     cookies=None, auth=None, timeout=None, proxies=None, verify=False,                     debug=0 </msg>
<status status="PASS" starttime="20220127 10:51:55.032" endtime="20220127 10:51:55.033"></status>
</kw>
<kw name="Create Dictionary" library="BuiltIn">
<doc>Creates and returns a dictionary based on the given ``items``.</doc>
<arguments>
<arg>Content-Type</arg>
<arg>application/json</arg>
</arguments>
<assign>
<var>${headers}</var>
</assign>
<msg timestamp="20220127 10:51:55.034" level="INFO">${headers} = {'Content-Type': 'application/json'}</msg>
<status status="PASS" starttime="20220127 10:51:55.033" endtime="20220127 10:51:55.034"></status>
</kw>
<kw name="Create Dictionary" library="BuiltIn">
<doc>Creates and returns a dictionary based on the given ``items``.</doc>
<arguments>
<arg>command=getInterval</arg>
</arguments>
<assign>
<var>&amp;{data}</var>
</assign>
<msg timestamp="20220127 10:51:55.035" level="INFO">&amp;{data} = { command=getInterval }</msg>
<status status="PASS" starttime="20220127 10:51:55.034" endtime="20220127 10:51:55.035"></status>
</kw>
<kw name="Post Request" library="RequestsLibrary">
<doc>Send a POST request on the session object found using the
given `alias`</doc>
<arguments>
<arg>mysession</arg>
<arg>v1/tests/${station}</arg>
<arg>headers=${headers}</arg>
<arg>json=${data}</arg>
</arguments>
<assign>
<var>${response}</var>
</assign>
<msg timestamp="20220127 10:51:55.347" level="INFO">Post Request using : alias=mysession, uri=v1/tests/3, data=&lt;empty&gt;, headers={'Content-Type': 'application/json'}, files=None, allow_redirects=True </msg>
<msg timestamp="20220127 10:51:55.347" level="INFO">${response} = &lt;Response [200]&gt;</msg>
<status status="PASS" starttime="20220127 10:51:55.035" endtime="20220127 10:51:55.347"></status>
</kw>
<kw name="To Json" library="RequestsLibrary">
<doc>Convert a string to a JSON object</doc>
<arguments>
<arg>${response.content}</arg>
</arguments>
<assign>
<var>${json_object}</var>
</assign>
<msg timestamp="20220127 10:51:55.347" level="INFO">To JSON using : content={"result":20} </msg>
<msg timestamp="20220127 10:51:55.347" level="INFO">To JSON using : pretty_print=False </msg>
<msg timestamp="20220127 10:51:55.347" level="INFO">${json_object} = {'result': 20}</msg>
<status status="PASS" starttime="20220127 10:51:55.347" endtime="20220127 10:51:55.347"></status>
</kw>
<kw name="Get Value From Json" library="JSONLibrary">
<doc>Get Value From JSON using JSONPath</doc>
<arguments>
<arg>${json_object}</arg>
<arg>$.result</arg>
</arguments>
<assign>
<var>${result_value}</var>
</assign>
<msg timestamp="20220127 10:51:55.397" level="INFO">${result_value} = [20]</msg>
<status status="PASS" starttime="20220127 10:51:55.349" endtime="20220127 10:51:55.397"></status>
</kw>
<kw name="Convert To String" library="BuiltIn">
<doc>Converts the given item to a Unicode string.</doc>
<arguments>
<arg>${response.status_code}</arg>
</arguments>
<assign>
<var>${json_status_code}</var>
</assign>
<msg timestamp="20220127 10:51:55.399" level="INFO">${json_status_code} = 200</msg>
<status status="PASS" starttime="20220127 10:51:55.397" endtime="20220127 10:51:55.399"></status>
</kw>
<kw name="Should Be Equal" library="BuiltIn">
<doc>Fails if the given objects are unequal.</doc>
<arguments>
<arg>${json_status_code}</arg>
<arg>200</arg>
</arguments>
<status status="PASS" starttime="20220127 10:51:55.399" endtime="20220127 10:51:55.400"></status>
</kw>
<kw name="Convert To String" library="BuiltIn">
<doc>Converts the given item to a Unicode string.</doc>
<arguments>
<arg>${result_value}</arg>
</arguments>
<assign>
<var>${result_value}</var>
</assign>
<msg timestamp="20220127 10:51:55.400" level="INFO">${result_value} = [20]</msg>
<status status="PASS" starttime="20220127 10:51:55.400" endtime="20220127 10:51:55.400"></status>
</kw>
<kw name="Log" library="BuiltIn">
<doc>Logs the given message with the given level.</doc>
<arguments>
<arg>${result_value}</arg>
</arguments>
<msg timestamp="20220127 10:51:55.400" level="INFO">[20]</msg>
<status status="PASS" starttime="20220127 10:51:55.400" endtime="20220127 10:51:55.400"></status>
</kw>
<kw name="Should Contain Any" library="BuiltIn">
<doc>Fails if ``container`` does not contain any of the ``*items``.</doc>
<arguments>
<arg>${result_value}</arg>
<arg>@{Interval}</arg>
</arguments>
<status status="PASS" starttime="20220127 10:51:55.400" endtime="20220127 10:51:55.402"></status>
</kw>
<status status="PASS" starttime="20220127 10:51:55.031" endtime="20220127 10:51:55.402"></status>
</kw>
<kw name="${station} = 2" type="foritem">
<kw name="Log" library="BuiltIn">
<doc>Logs the given message with the given level.</doc>
<arguments>
<arg>${station}</arg>
</arguments>
<msg timestamp="20220127 10:51:55.402" level="INFO">2</msg>
<status status="PASS" starttime="20220127 10:51:55.402" endtime="20220127 10:51:55.402"></status>
</kw>
<kw name="Create Session" library="RequestsLibrary">
<doc>Create Session: create a HTTP session to a server</doc>
<arguments>
<arg>mysession</arg>
<arg>${Base_url}</arg>
</arguments>
<msg timestamp="20220127 10:51:55.402" level="INFO">Creating Session using : alias=mysession, url=https://api-energy-k8s.test.virtaglobal.com, headers={},                     cookies=None, auth=None, timeout=None, proxies=None, verify=False,                     debug=0 </msg>
<status status="PASS" starttime="20220127 10:51:55.402" endtime="20220127 10:51:55.403"></status>
</kw>
<kw name="Create Dictionary" library="BuiltIn">
<doc>Creates and returns a dictionary based on the given ``items``.</doc>
<arguments>
<arg>Content-Type</arg>
<arg>application/json</arg>
</arguments>
<assign>
<var>${headers}</var>
</assign>
<msg timestamp="20220127 10:51:55.403" level="INFO">${headers} = {'Content-Type': 'application/json'}</msg>
<status status="PASS" starttime="20220127 10:51:55.403" endtime="20220127 10:51:55.403"></status>
</kw>
<kw name="Create Dictionary" library="BuiltIn">
<doc>Creates and returns a dictionary based on the given ``items``.</doc>
<arguments>
<arg>command=getInterval</arg>
</arguments>
<assign>
<var>&amp;{data}</var>
</assign>
<msg timestamp="20220127 10:51:55.403" level="INFO">&amp;{data} = { command=getInterval }</msg>
<status status="PASS" starttime="20220127 10:51:55.403" endtime="20220127 10:51:55.403"></status>
</kw>
<kw name="Post Request" library="RequestsLibrary">
<doc>Send a POST request on the session object found using the
given `alias`</doc>
<arguments>
<arg>mysession</arg>
<arg>v1/tests/${station}</arg>
<arg>headers=${headers}</arg>
<arg>json=${data}</arg>
</arguments>
<assign>
<var>${response}</var>
</assign>
<msg timestamp="20220127 10:51:55.703" level="INFO">Post Request using : alias=mysession, uri=v1/tests/2, data=&lt;empty&gt;, headers={'Content-Type': 'application/json'}, files=None, allow_redirects=True </msg>
<msg timestamp="20220127 10:51:55.703" level="INFO">${response} = &lt;Response [200]&gt;</msg>
<status status="PASS" starttime="20220127 10:51:55.403" endtime="20220127 10:51:55.704"></status>
</kw>
<kw name="To Json" library="RequestsLibrary">
<doc>Convert a string to a JSON object</doc>
<arguments>
<arg>${response.content}</arg>
</arguments>
<assign>
<var>${json_object}</var>
</assign>
<msg timestamp="20220127 10:51:55.704" level="INFO">To JSON using : content={"result":1} </msg>
<msg timestamp="20220127 10:51:55.704" level="INFO">To JSON using : pretty_print=False </msg>
<msg timestamp="20220127 10:51:55.704" level="INFO">${json_object} = {'result': 1}</msg>
<status status="PASS" starttime="20220127 10:51:55.704" endtime="20220127 10:51:55.704"></status>
</kw>
<kw name="Get Value From Json" library="JSONLibrary">
<doc>Get Value From JSON using JSONPath</doc>
<arguments>
<arg>${json_object}</arg>
<arg>$.result</arg>
</arguments>
<assign>
<var>${result_value}</var>
</assign>
<msg timestamp="20220127 10:51:55.743" level="INFO">${result_value} = [1]</msg>
<status status="PASS" starttime="20220127 10:51:55.704" endtime="20220127 10:51:55.743"></status>
</kw>
<kw name="Convert To String" library="BuiltIn">
<doc>Converts the given item to a Unicode string.</doc>
<arguments>
<arg>${response.status_code}</arg>
</arguments>
<assign>
<var>${json_status_code}</var>
</assign>
<msg timestamp="20220127 10:51:55.743" level="INFO">${json_status_code} = 200</msg>
<status status="PASS" starttime="20220127 10:51:55.743" endtime="20220127 10:51:55.743"></status>
</kw>
<kw name="Should Be Equal" library="BuiltIn">
<doc>Fails if the given objects are unequal.</doc>
<arguments>
<arg>${json_status_code}</arg>
<arg>200</arg>
</arguments>
<status status="PASS" starttime="20220127 10:51:55.743" endtime="20220127 10:51:55.743"></status>
</kw>
<kw name="Convert To String" library="BuiltIn">
<doc>Converts the given item to a Unicode string.</doc>
<arguments>
<arg>${result_value}</arg>
</arguments>
<assign>
<var>${result_value}</var>
</assign>
<msg timestamp="20220127 10:51:55.743" level="INFO">${result_value} = [1]</msg>
<status status="PASS" starttime="20220127 10:51:55.743" endtime="20220127 10:51:55.743"></status>
</kw>
<kw name="Log" library="BuiltIn">
<doc>Logs the given message with the given level.</doc>
<arguments>
<arg>${result_value}</arg>
</arguments>
<msg timestamp="20220127 10:51:55.743" level="INFO">[1]</msg>
<status status="PASS" starttime="20220127 10:51:55.743" endtime="20220127 10:51:55.743"></status>
</kw>
<kw name="Should Contain Any" library="BuiltIn">
<doc>Fails if ``container`` does not contain any of the ``*items``.</doc>
<arguments>
<arg>${result_value}</arg>
<arg>@{Interval}</arg>
</arguments>
<status status="PASS" starttime="20220127 10:51:55.743" endtime="20220127 10:51:55.743"></status>
</kw>
<status status="PASS" starttime="20220127 10:51:55.402" endtime="20220127 10:51:55.743"></status>
</kw>
<kw name="${station} = 3" type="foritem">
<kw name="Log" library="BuiltIn">
<doc>Logs the given message with the given level.</doc>
<arguments>
<arg>${station}</arg>
</arguments>
<msg timestamp="20220127 10:51:55.743" level="INFO">3</msg>
<status status="PASS" starttime="20220127 10:51:55.743" endtime="20220127 10:51:55.743"></status>
</kw>
<kw name="Create Session" library="RequestsLibrary">
<doc>Create Session: create a HTTP session to a server</doc>
<arguments>
<arg>mysession</arg>
<arg>${Base_url}</arg>
</arguments>
<msg timestamp="20220127 10:51:55.746" level="INFO">Creating Session using : alias=mysession, url=https://api-energy-k8s.test.virtaglobal.com, headers={},                     cookies=None, auth=None, timeout=None, proxies=None, verify=False,                     debug=0 </msg>
<status status="PASS" starttime="20220127 10:51:55.743" endtime="20220127 10:51:55.746"></status>
</kw>
<kw name="Create Dictionary" library="BuiltIn">
<doc>Creates and returns a dictionary based on the given ``items``.</doc>
<arguments>
<arg>Content-Type</arg>
<arg>application/json</arg>
</arguments>
<assign>
<var>${headers}</var>
</assign>
<msg timestamp="20220127 10:51:55.746" level="INFO">${headers} = {'Content-Type': 'application/json'}</msg>
<status status="PASS" starttime="20220127 10:51:55.746" endtime="20220127 10:51:55.746"></status>
</kw>
<kw name="Create Dictionary" library="BuiltIn">
<doc>Creates and returns a dictionary based on the given ``items``.</doc>
<arguments>
<arg>command=getInterval</arg>
</arguments>
<assign>
<var>&amp;{data}</var>
</assign>
<msg timestamp="20220127 10:51:55.746" level="INFO">&amp;{data} = { command=getInterval }</msg>
<status status="PASS" starttime="20220127 10:51:55.746" endtime="20220127 10:51:55.747"></status>
</kw>
<kw name="Post Request" library="RequestsLibrary">
<doc>Send a POST request on the session object found using the
given `alias`</doc>
<arguments>
<arg>mysession</arg>
<arg>v1/tests/${station}</arg>
<arg>headers=${headers}</arg>
<arg>json=${data}</arg>
</arguments>
<assign>
<var>${response}</var>
</assign>
<msg timestamp="20220127 10:51:56.062" level="INFO">Post Request using : alias=mysession, uri=v1/tests/3, data=&lt;empty&gt;, headers={'Content-Type': 'application/json'}, files=None, allow_redirects=True </msg>
<msg timestamp="20220127 10:51:56.062" level="INFO">${response} = &lt;Response [200]&gt;</msg>
<status status="PASS" starttime="20220127 10:51:55.747" endtime="20220127 10:51:56.062"></status>
</kw>
<kw name="To Json" library="RequestsLibrary">
<doc>Convert a string to a JSON object</doc>
<arguments>
<arg>${response.content}</arg>
</arguments>
<assign>
<var>${json_object}</var>
</assign>
<msg timestamp="20220127 10:51:56.062" level="INFO">To JSON using : content={"result":20} </msg>
<msg timestamp="20220127 10:51:56.062" level="INFO">To JSON using : pretty_print=False </msg>
<msg timestamp="20220127 10:51:56.062" level="INFO">${json_object} = {'result': 20}</msg>
<status status="PASS" starttime="20220127 10:51:56.062" endtime="20220127 10:51:56.062"></status>
</kw>
<kw name="Get Value From Json" library="JSONLibrary">
<doc>Get Value From JSON using JSONPath</doc>
<arguments>
<arg>${json_object}</arg>
<arg>$.result</arg>
</arguments>
<assign>
<var>${result_value}</var>
</assign>
<msg timestamp="20220127 10:51:56.091" level="INFO">${result_value} = [20]</msg>
<status status="PASS" starttime="20220127 10:51:56.062" endtime="20220127 10:51:56.091"></status>
</kw>
<kw name="Convert To String" library="BuiltIn">
<doc>Converts the given item to a Unicode string.</doc>
<arguments>
<arg>${response.status_code}</arg>
</arguments>
<assign>
<var>${json_status_code}</var>
</assign>
<msg timestamp="20220127 10:51:56.092" level="INFO">${json_status_code} = 200</msg>
<status status="PASS" starttime="20220127 10:51:56.092" endtime="20220127 10:51:56.092"></status>
</kw>
<kw name="Should Be Equal" library="BuiltIn">
<doc>Fails if the given objects are unequal.</doc>
<arguments>
<arg>${json_status_code}</arg>
<arg>200</arg>
</arguments>
<status status="PASS" starttime="20220127 10:51:56.092" endtime="20220127 10:51:56.092"></status>
</kw>
<kw name="Convert To String" library="BuiltIn">
<doc>Converts the given item to a Unicode string.</doc>
<arguments>
<arg>${result_value}</arg>
</arguments>
<assign>
<var>${result_value}</var>
</assign>
<msg timestamp="20220127 10:51:56.093" level="INFO">${result_value} = [20]</msg>
<status status="PASS" starttime="20220127 10:51:56.092" endtime="20220127 10:51:56.093"></status>
</kw>
<kw name="Log" library="BuiltIn">
<doc>Logs the given message with the given level.</doc>
<arguments>
<arg>${result_value}</arg>
</arguments>
<msg timestamp="20220127 10:51:56.093" level="INFO">[20]</msg>
<status status="PASS" starttime="20220127 10:51:56.093" endtime="20220127 10:51:56.093"></status>
</kw>
<kw name="Should Contain Any" library="BuiltIn">
<doc>Fails if ``container`` does not contain any of the ``*items``.</doc>
<arguments>
<arg>${result_value}</arg>
<arg>@{Interval}</arg>
</arguments>
<status status="PASS" starttime="20220127 10:51:56.093" endtime="20220127 10:51:56.094"></status>
</kw>
<status status="PASS" starttime="20220127 10:51:55.743" endtime="20220127 10:51:56.094"></status>
</kw>
<kw name="${station} = 3" type="foritem">
<kw name="Log" library="BuiltIn">
<doc>Logs the given message with the given level.</doc>
<arguments>
<arg>${station}</arg>
</arguments>
<msg timestamp="20220127 10:51:56.094" level="INFO">3</msg>
<status status="PASS" starttime="20220127 10:51:56.094" endtime="20220127 10:51:56.094"></status>
</kw>
<kw name="Create Session" library="RequestsLibrary">
<doc>Create Session: create a HTTP session to a server</doc>
<arguments>
<arg>mysession</arg>
<arg>${Base_url}</arg>
</arguments>
<msg timestamp="20220127 10:51:56.094" level="INFO">Creating Session using : alias=mysession, url=https://api-energy-k8s.test.virtaglobal.com, headers={},                     cookies=None, auth=None, timeout=None, proxies=None, verify=False,                     debug=0 </msg>
<status status="PASS" starttime="20220127 10:51:56.094" endtime="20220127 10:51:56.095"></status>
</kw>
<kw name="Create Dictionary" library="BuiltIn">
<doc>Creates and returns a dictionary based on the given ``items``.</doc>
<arguments>
<arg>Content-Type</arg>
<arg>application/json</arg>
</arguments>
<assign>
<var>${headers}</var>
</assign>
<msg timestamp="20220127 10:51:56.095" level="INFO">${headers} = {'Content-Type': 'application/json'}</msg>
<status status="PASS" starttime="20220127 10:51:56.095" endtime="20220127 10:51:56.095"></status>
</kw>
<kw name="Create Dictionary" library="BuiltIn">
<doc>Creates and returns a dictionary based on the given ``items``.</doc>
<arguments>
<arg>command=getInterval</arg>
</arguments>
<assign>
<var>&amp;{data}</var>
</assign>
<msg timestamp="20220127 10:51:56.095" level="INFO">&amp;{data} = { command=getInterval }</msg>
<status status="PASS" starttime="20220127 10:51:56.095" endtime="20220127 10:51:56.095"></status>
</kw>
<kw name="Post Request" library="RequestsLibrary">
<doc>Send a POST request on the session object found using the
given `alias`</doc>
<arguments>
<arg>mysession</arg>
<arg>v1/tests/${station}</arg>
<arg>headers=${headers}</arg>
<arg>json=${data}</arg>
</arguments>
<assign>
<var>${response}</var>
</assign>
<msg timestamp="20220127 10:51:56.415" level="INFO">Post Request using : alias=mysession, uri=v1/tests/3, data=&lt;empty&gt;, headers={'Content-Type': 'application/json'}, files=None, allow_redirects=True </msg>
<msg timestamp="20220127 10:51:56.416" level="INFO">${response} = &lt;Response [200]&gt;</msg>
<status status="PASS" starttime="20220127 10:51:56.095" endtime="20220127 10:51:56.416"></status>
</kw>
<kw name="To Json" library="RequestsLibrary">
<doc>Convert a string to a JSON object</doc>
<arguments>
<arg>${response.content}</arg>
</arguments>
<assign>
<var>${json_object}</var>
</assign>
<msg timestamp="20220127 10:51:56.416" level="INFO">To JSON using : content={"result":20} </msg>
<msg timestamp="20220127 10:51:56.416" level="INFO">To JSON using : pretty_print=False </msg>
<msg timestamp="20220127 10:51:56.416" level="INFO">${json_object} = {'result': 20}</msg>
<status status="PASS" starttime="20220127 10:51:56.416" endtime="20220127 10:51:56.416"></status>
</kw>
<kw name="Get Value From Json" library="JSONLibrary">
<doc>Get Value From JSON using JSONPath</doc>
<arguments>
<arg>${json_object}</arg>
<arg>$.result</arg>
</arguments>
<assign>
<var>${result_value}</var>
</assign>
<msg timestamp="20220127 10:51:56.452" level="INFO">${result_value} = [20]</msg>
<status status="PASS" starttime="20220127 10:51:56.416" endtime="20220127 10:51:56.452"></status>
</kw>
<kw name="Convert To String" library="BuiltIn">
<doc>Converts the given item to a Unicode string.</doc>
<arguments>
<arg>${response.status_code}</arg>
</arguments>
<assign>
<var>${json_status_code}</var>
</assign>
<msg timestamp="20220127 10:51:56.454" level="INFO">${json_status_code} = 200</msg>
<status status="PASS" starttime="20220127 10:51:56.453" endtime="20220127 10:51:56.454"></status>
</kw>
<kw name="Should Be Equal" library="BuiltIn">
<doc>Fails if the given objects are unequal.</doc>
<arguments>
<arg>${json_status_code}</arg>
<arg>200</arg>
</arguments>
<status status="PASS" starttime="20220127 10:51:56.454" endtime="20220127 10:51:56.454"></status>
</kw>
<kw name="Convert To String" library="BuiltIn">
<doc>Converts the given item to a Unicode string.</doc>
<arguments>
<arg>${result_value}</arg>
</arguments>
<assign>
<var>${result_value}</var>
</assign>
<msg timestamp="20220127 10:51:56.454" level="INFO">${result_value} = [20]</msg>
<status status="PASS" starttime="20220127 10:51:56.454" endtime="20220127 10:51:56.454"></status>
</kw>
<kw name="Log" library="BuiltIn">
<doc>Logs the given message with the given level.</doc>
<arguments>
<arg>${result_value}</arg>
</arguments>
<msg timestamp="20220127 10:51:56.455" level="INFO">[20]</msg>
<status status="PASS" starttime="20220127 10:51:56.455" endtime="20220127 10:51:56.455"></status>
</kw>
<kw name="Should Contain Any" library="BuiltIn">
<doc>Fails if ``container`` does not contain any of the ``*items``.</doc>
<arguments>
<arg>${result_value}</arg>
<arg>@{Interval}</arg>
</arguments>
<status status="PASS" starttime="20220127 10:51:56.455" endtime="20220127 10:51:56.455"></status>
</kw>
<status status="PASS" starttime="20220127 10:51:56.094" endtime="20220127 10:51:56.455"></status>
</kw>
<kw name="${station} = 4" type="foritem">
<kw name="Log" library="BuiltIn">
<doc>Logs the given message with the given level.</doc>
<arguments>
<arg>${station}</arg>
</arguments>
<msg timestamp="20220127 10:51:56.455" level="INFO">4</msg>
<status status="PASS" starttime="20220127 10:51:56.455" endtime="20220127 10:51:56.455"></status>
</kw>
<kw name="Create Session" library="RequestsLibrary">
<doc>Create Session: create a HTTP session to a server</doc>
<arguments>
<arg>mysession</arg>
<arg>${Base_url}</arg>
</arguments>
<msg timestamp="20220127 10:51:56.456" level="INFO">Creating Session using : alias=mysession, url=https://api-energy-k8s.test.virtaglobal.com, headers={},                     cookies=None, auth=None, timeout=None, proxies=None, verify=False,                     debug=0 </msg>
<status status="PASS" starttime="20220127 10:51:56.455" endtime="20220127 10:51:56.456"></status>
</kw>
<kw name="Create Dictionary" library="BuiltIn">
<doc>Creates and returns a dictionary based on the given ``items``.</doc>
<arguments>
<arg>Content-Type</arg>
<arg>application/json</arg>
</arguments>
<assign>
<var>${headers}</var>
</assign>
<msg timestamp="20220127 10:51:56.456" level="INFO">${headers} = {'Content-Type': 'application/json'}</msg>
<status status="PASS" starttime="20220127 10:51:56.456" endtime="20220127 10:51:56.456"></status>
</kw>
<kw name="Create Dictionary" library="BuiltIn">
<doc>Creates and returns a dictionary based on the given ``items``.</doc>
<arguments>
<arg>command=getInterval</arg>
</arguments>
<assign>
<var>&amp;{data}</var>
</assign>
<msg timestamp="20220127 10:51:56.457" level="INFO">&amp;{data} = { command=getInterval }</msg>
<status status="PASS" starttime="20220127 10:51:56.456" endtime="20220127 10:51:56.457"></status>
</kw>
<kw name="Post Request" library="RequestsLibrary">
<doc>Send a POST request on the session object found using the
given `alias`</doc>
<arguments>
<arg>mysession</arg>
<arg>v1/tests/${station}</arg>
<arg>headers=${headers}</arg>
<arg>json=${data}</arg>
</arguments>
<assign>
<var>${response}</var>
</assign>
[...]
</kw>
<kw name="Convert To String" library="BuiltIn">
<doc>Converts the given item to a Unicode string.</doc>
<arguments>
<arg>${result_value[0]}</arg>
</arguments>
<assign>
<var>${String_OK}</var>
</assign>
<msg timestamp="20220127 10:52:07.367" level="INFO">${String_OK} = OK</msg>
<status status="PASS" starttime="20220127 10:52:07.367" endtime="20220127 10:52:07.367"></status>
</kw>
<kw name="Run Keyword If" library="BuiltIn">
<doc>Runs the given keyword with the given arguments, if ``condition`` is true.</doc>
<arguments>
<arg>'${result_value[0]}' != 'FAILED'</arg>
<arg>Run Keywords</arg>
<arg>Continue For Loop</arg>
<arg>AND</arg>
<arg>Fail</arg>
<arg>"Do not meet Error Validation Criteria"</arg>
<arg>ELSE</arg>
<arg>Run keyword And Continue On Failure</arg>
<arg>Should Be Equal</arg>
<arg>${result_value[0]}</arg>
<arg>FAILED</arg>
</arguments>
<kw name="Run Keywords" library="BuiltIn">
<doc>Executes all the given keywords in a sequence.</doc>
<arguments>
<arg>Continue For Loop</arg>
<arg>AND</arg>
<arg>Fail</arg>
<arg>"Do not meet Error Validation Criteria"</arg>
</arguments>
<kw name="Continue For Loop" library="BuiltIn">
<doc>Skips the current for loop iteration and continues from the next.</doc>
<msg timestamp="20220127 10:52:07.368" level="INFO">Continuing for loop from the next iteration.</msg>
<status status="PASS" starttime="20220127 10:52:07.368" endtime="20220127 10:52:07.368"></status>
</kw>
<status status="PASS" starttime="20220127 10:52:07.368" endtime="20220127 10:52:07.368"></status>
</kw>
<status status="PASS" starttime="20220127 10:52:07.368" endtime="20220127 10:52:07.369"></status>
</kw>
<status status="PASS" starttime="20220127 10:52:06.994" endtime="20220127 10:52:07.369"></status>
</kw>
<kw name="${station} = 3" type="foritem">
<kw name="Log" library="BuiltIn">
<doc>Logs the given message with the given level.</doc>
<arguments>
<arg>${station}</arg>
</arguments>
<msg timestamp="20220127 10:52:07.369" level="INFO">3</msg>
<status status="PASS" starttime="20220127 10:52:07.369" endtime="20220127 10:52:07.369"></status>
</kw>
<kw name="Create Session" library="RequestsLibrary">
<doc>Create Session: create a HTTP session to a server</doc>
<arguments>
<arg>mysession</arg>
<arg>${Base_url}</arg>
</arguments>
<msg timestamp="20220127 10:52:07.370" level="INFO">Creating Session using : alias=mysession, url=https://api-energy-k8s.test.virtaglobal.com, headers={},                     cookies=None, auth=None, timeout=None, proxies=None, verify=False,                     debug=0 </msg>
<status status="PASS" starttime="20220127 10:52:07.369" endtime="20220127 10:52:07.370"></status>
</kw>
<kw name="Create Dictionary" library="BuiltIn">
<doc>Creates and returns a dictionary based on the given ``items``.</doc>
<arguments>
<arg>Content-Type</arg>
<arg>application/json</arg>
</arguments>
<assign>
<var>${headers}</var>
</assign>
<msg timestamp="20220127 10:52:07.371" level="INFO">${headers} = {'Content-Type': 'application/json'}</msg>
<status status="PASS" starttime="20220127 10:52:07.371" endtime="20220127 10:52:07.371"></status>
</kw>
<kw name="Create Dictionary" library="BuiltIn">
<doc>Creates and returns a dictionary based on the given ``items``.</doc>
<arguments>
<arg>command=setValues</arg>
<arg>payload=${payloadn}</arg>
</arguments>
<assign>
<var>&amp;{data}</var>
</assign>
<msg timestamp="20220127 10:52:07.372" level="INFO">&amp;{data} = { command=setValues | payload=['12', '12', '15', '17'] }</msg>
<status status="PASS" starttime="20220127 10:52:07.371" endtime="20220127 10:52:07.372"></status>
</kw>
<kw name="Post Request" library="RequestsLibrary">
<doc>Send a POST request on the session object found using the
given `alias`</doc>
<arguments>
<arg>mysession</arg>
<arg>v1/tests/${station}</arg>
<arg>headers=${headers}</arg>
<arg>json=${data}</arg>
</arguments>
<assign>
<var>${response}</var>
</assign>
<msg timestamp="20220127 10:52:07.657" level="INFO">Post Request using : alias=mysession, uri=v1/tests/3, data=&lt;empty&gt;, headers={'Content-Type': 'application/json'}, files=None, allow_redirects=True </msg>
<msg timestamp="20220127 10:52:07.657" level="INFO">${response} = &lt;Response [200]&gt;</msg>
<status status="PASS" starttime="20220127 10:52:07.372" endtime="20220127 10:52:07.657"></status>
</kw>
<kw name="To Json" library="RequestsLibrary">
<doc>Convert a string to a JSON object</doc>
<arguments>
<arg>${response.content}</arg>
</arguments>
<assign>
<var>${json_object}</var>
</assign>
<msg timestamp="20220127 10:52:07.658" level="INFO">To JSON using : content={"result":"OK"} </msg>
<msg timestamp="20220127 10:52:07.658" level="INFO">To JSON using : pretty_print=False </msg>
<msg timestamp="20220127 10:52:07.658" level="INFO">${json_object} = {'result': 'OK'}</msg>
<status status="PASS" starttime="20220127 10:52:07.658" endtime="20220127 10:52:07.658"></status>
</kw>
<kw name="Get Value From Json" library="JSONLibrary">
<doc>Get Value From JSON using JSONPath</doc>
<arguments>
<arg>${json_object}</arg>
<arg>$.result</arg>
</arguments>
<assign>
<var>${result_value}</var>
</assign>
<msg timestamp="20220127 10:52:07.694" level="INFO">${result_value} = ['OK']</msg>
<status status="PASS" starttime="20220127 10:52:07.659" endtime="20220127 10:52:07.694"></status>
</kw>
<kw name="Convert To String" library="BuiltIn">
<doc>Converts the given item to a Unicode string.</doc>
<arguments>
<arg>${response.status_code}</arg>
</arguments>
<assign>
<var>${json_status_code}</var>
</assign>
<msg timestamp="20220127 10:52:07.695" level="INFO">${json_status_code} = 200</msg>
<status status="PASS" starttime="20220127 10:52:07.695" endtime="20220127 10:52:07.695"></status>
</kw>
<kw name="Should Be Equal" library="BuiltIn">
<doc>Fails if the given objects are unequal.</doc>
<arguments>
<arg>${json_status_code}</arg>
<arg>200</arg>
</arguments>
<status status="PASS" starttime="20220127 10:52:07.695" endtime="20220127 10:52:07.695"></status>
</kw>
<kw name="Log" library="BuiltIn">
<doc>Logs the given message with the given level.</doc>
<arguments>
<arg>${result_value}</arg>
</arguments>
<msg timestamp="20220127 10:52:07.695" level="INFO">['OK']</msg>
<status status="PASS" starttime="20220127 10:52:07.695" endtime="20220127 10:52:07.695"></status>
</kw>
<kw name="Convert To String" library="BuiltIn">
<doc>Converts the given item to a Unicode string.</doc>
<arguments>
<arg>${result_value[0]}</arg>
</arguments>
<assign>
<var>${String_OK}</var>
</assign>
<msg timestamp="20220127 10:52:07.695" level="INFO">${String_OK} = OK</msg>
<status status="PASS" starttime="20220127 10:52:07.695" endtime="20220127 10:52:07.695"></status>
</kw>
<kw name="Run Keyword If" library="BuiltIn">
<doc>Runs the given keyword with the given arguments, if ``condition`` is true.</doc>
<arguments>
<arg>'${result_value[0]}' != 'FAILED'</arg>
<arg>Run Keywords</arg>
<arg>Continue For Loop</arg>
<arg>AND</arg>
<arg>Fail</arg>
<arg>"Do not meet Error Validation Criteria"</arg>
<arg>ELSE</arg>
<arg>Run keyword And Continue On Failure</arg>
<arg>Should Be Equal</arg>
<arg>${result_value[0]}</arg>
<arg>FAILED</arg>
</arguments>
<kw name="Run Keywords" library="BuiltIn">
<doc>Executes all the given keywords in a sequence.</doc>
<arguments>
<arg>Continue For Loop</arg>
<arg>AND</arg>
<arg>Fail</arg>
<arg>"Do not meet Error Validation Criteria"</arg>
</arguments>
<kw name="Continue For Loop" library="BuiltIn">
<doc>Skips the current for loop iteration and continues from the next.</doc>
<msg timestamp="20220127 10:52:07.695" level="INFO">Continuing for loop from the next iteration.</msg>
<status status="PASS" starttime="20220127 10:52:07.695" endtime="20220127 10:52:07.695"></status>
</kw>
<status status="PASS" starttime="20220127 10:52:07.695" endtime="20220127 10:52:07.695"></status>
</kw>
<status status="PASS" starttime="20220127 10:52:07.695" endtime="20220127 10:52:07.695"></status>
</kw>
<status status="PASS" starttime="20220127 10:52:07.369" endtime="20220127 10:52:07.695"></status>
</kw>
<kw name="${station} = 4" type="foritem">
<kw name="Log" library="BuiltIn">
<doc>Logs the given message with the given level.</doc>
<arguments>
<arg>${station}</arg>
</arguments>
<msg timestamp="20220127 10:52:07.697" level="INFO">4</msg>
<status status="PASS" starttime="20220127 10:52:07.697" endtime="20220127 10:52:07.697"></status>
</kw>
<kw name="Create Session" library="RequestsLibrary">
<doc>Create Session: create a HTTP session to a server</doc>
<arguments>
<arg>mysession</arg>
<arg>${Base_url}</arg>
</arguments>
<msg timestamp="20220127 10:52:07.697" level="INFO">Creating Session using : alias=mysession, url=https://api-energy-k8s.test.virtaglobal.com, headers={},                     cookies=None, auth=None, timeout=None, proxies=None, verify=False,                     debug=0 </msg>
<status status="PASS" starttime="20220127 10:52:07.697" endtime="20220127 10:52:07.698"></status>
</kw>
<kw name="Create Dictionary" library="BuiltIn">
<doc>Creates and returns a dictionary based on the given ``items``.</doc>
<arguments>
<arg>Content-Type</arg>
<arg>application/json</arg>
</arguments>
<assign>
<var>${headers}</var>
</assign>
<msg timestamp="20220127 10:52:07.698" level="INFO">${headers} = {'Content-Type': 'application/json'}</msg>
<status status="PASS" starttime="20220127 10:52:07.698" endtime="20220127 10:52:07.698"></status>
</kw>
<kw name="Create Dictionary" library="BuiltIn">
<doc>Creates and returns a dictionary based on the given ``items``.</doc>
<arguments>
<arg>command=setValues</arg>
<arg>payload=${payloadn}</arg>
</arguments>
<assign>
<var>&amp;{data}</var>
</assign>
<msg timestamp="20220127 10:52:07.698" level="INFO">&amp;{data} = { command=setValues | payload=['12', '12', '15', '17'] }</msg>
<status status="PASS" starttime="20220127 10:52:07.698" endtime="20220127 10:52:07.698"></status>
</kw>
<kw name="Post Request" library="RequestsLibrary">
<doc>Send a POST request on the session object found using the
given `alias`</doc>
<arguments>
<arg>mysession</arg>
<arg>v1/tests/${station}</arg>
<arg>headers=${headers}</arg>
<arg>json=${data}</arg>
</arguments>
<assign>
<var>${response}</var>
</assign>
<msg timestamp="20220127 10:52:07.996" level="INFO">Post Request using : alias=mysession, uri=v1/tests/4, data=&lt;empty&gt;, headers={'Content-Type': 'application/json'}, files=None, allow_redirects=True </msg>
<msg timestamp="20220127 10:52:07.996" level="INFO">${response} = &lt;Response [200]&gt;</msg>
<status status="PASS" starttime="20220127 10:52:07.698" endtime="20220127 10:52:07.996"></status>
</kw>
<kw name="To Json" library="RequestsLibrary">
<doc>Convert a string to a JSON object</doc>
<arguments>
<arg>${response.content}</arg>
</arguments>
<assign>
<var>${json_object}</var>
</assign>
<msg timestamp="20220127 10:52:07.998" level="INFO">To JSON using : content={"result":true} </msg>
<msg timestamp="20220127 10:52:07.998" level="INFO">To JSON using : pretty_print=False </msg>
<msg timestamp="20220127 10:52:07.998" level="INFO">${json_object} = {'result': True}</msg>
<status status="PASS" starttime="20220127 10:52:07.997" endtime="20220127 10:52:07.998"></status>
</kw>
<kw name="Get Value From Json" library="JSONLibrary">
<doc>Get Value From JSON using JSONPath</doc>
<arguments>
<arg>${json_object}</arg>
<arg>$.result</arg>
</arguments>
<assign>
<var>${result_value}</var>
</assign>
<msg timestamp="20220127 10:52:08.069" level="INFO">${result_value} = [True]</msg>
<status status="PASS" starttime="20220127 10:52:07.998" endtime="20220127 10:52:08.070"></status>
</kw>
<kw name="Convert To String" library="BuiltIn">
<doc>Converts the given item to a Unicode string.</doc>
<arguments>
<arg>${response.status_code}</arg>
</arguments>
<assign>
<var>${json_status_code}</var>
</assign>
<msg timestamp="20220127 10:52:08.071" level="INFO">${json_status_code} = 200</msg>
<status status="PASS" starttime="20220127 10:52:08.070" endtime="20220127 10:52:08.071"></status>
</kw>
<kw name="Should Be Equal" library="BuiltIn">
<doc>Fails if the given objects are unequal.</doc>
<arguments>
<arg>${json_status_code}</arg>
<arg>200</arg>
</arguments>
<status status="PASS" starttime="20220127 10:52:08.072" endtime="20220127 10:52:08.073"></status>
</kw>
<kw name="Log" library="BuiltIn">
<doc>Logs the given message with the given level.</doc>
<arguments>
<arg>${result_value}</arg>
</arguments>
<msg timestamp="20220127 10:52:08.073" level="INFO">[True]</msg>
<status status="PASS" starttime="20220127 10:52:08.073" endtime="20220127 10:52:08.074"></status>
</kw>
<kw name="Convert To String" library="BuiltIn">
<doc>Converts the given item to a Unicode string.</doc>
<arguments>
<arg>${result_value[0]}</arg>
</arguments>
<assign>
<var>${String_OK}</var>
</assign>
<msg timestamp="20220127 10:52:08.074" level="INFO">${String_OK} = True</msg>
<status status="PASS" starttime="20220127 10:52:08.074" endtime="20220127 10:52:08.075"></status>
</kw>
<kw name="Run Keyword If" library="BuiltIn">
<doc>Runs the given keyword with the given arguments, if ``condition`` is true.</doc>
<arguments>
<arg>'${result_value[0]}' != 'FAILED'</arg>
<arg>Run Keywords</arg>
<arg>Continue For Loop</arg>
<arg>AND</arg>
<arg>Fail</arg>
<arg>"Do not meet Error Validation Criteria"</arg>
<arg>ELSE</arg>
<arg>Run keyword And Continue On Failure</arg>
<arg>Should Be Equal</arg>
<arg>${result_value[0]}</arg>
<arg>FAILED</arg>
</arguments>
<kw name="Run Keywords" library="BuiltIn">
<doc>Executes all the given keywords in a sequence.</doc>
<arguments>
<arg>Continue For Loop</arg>
<arg>AND</arg>
<arg>Fail</arg>
<arg>"Do not meet Error Validation Criteria"</arg>
</arguments>
<kw name="Continue For Loop" library="BuiltIn">
<doc>Skips the current for loop iteration and continues from the next.</doc>
<msg timestamp="20220127 10:52:08.076" level="INFO">Continuing for loop from the next iteration.</msg>
<status status="PASS" starttime="20220127 10:52:08.076" endtime="20220127 10:52:08.076"></status>
</kw>
<status status="PASS" starttime="20220127 10:52:08.076" endtime="20220127 10:52:08.076"></status>
</kw>
<status status="PASS" starttime="20220127 10:52:08.075" endtime="20220127 10:52:08.077"></status>
</kw>
<status status="PASS" starttime="20220127 10:52:07.697" endtime="20220127 10:52:08.077"></status>
</kw>
<kw name="${station} = 5" type="foritem">
<kw name="Log" library="BuiltIn">
<doc>Logs the given message with the given level.</doc>
<arguments>
<arg>${station}</arg>
</arguments>
<msg timestamp="20220127 10:52:08.077" level="INFO">5</msg>
<status status="PASS" starttime="20220127 10:52:08.077" endtime="20220127 10:52:08.077"></status>
</kw>
<kw name="Create Session" library="RequestsLibrary">
<doc>Create Session: create a HTTP session to a server</doc>
<arguments>
<arg>mysession</arg>
<arg>${Base_url}</arg>
</arguments>
<msg timestamp="20220127 10:52:08.077" level="INFO">Creating Session using : alias=mysession, url=https://api-energy-k8s.test.virtaglobal.com, headers={},                     cookies=None, auth=None, timeout=None, proxies=None, verify=False,                     debug=0 </msg>
<status status="PASS" starttime="20220127 10:52:08.077" endtime="20220127 10:52:08.079"></status>
</kw>
<kw name="Create Dictionary" library="BuiltIn">
<doc>Creates and returns a dictionary based on the given ``items``.</doc>
<arguments>
<arg>Content-Type</arg>
<arg>application/json</arg>
</arguments>
<assign>
<var>${headers}</var>
</assign>
<msg timestamp="20220127 10:52:08.079" level="INFO">${headers} = {'Content-Type': 'application/json'}</msg>
<status status="PASS" starttime="20220127 10:52:08.079" endtime="20220127 10:52:08.079"></status>
</kw>
<kw name="Create Dictionary" library="BuiltIn">
<doc>Creates and returns a dictionary based on the given ``items``.</doc>
<arguments>
<arg>command=setValues</arg>
<arg>payload=${payloadn}</arg>
</arguments>
<assign>
<var>&amp;{data}</var>
</assign>
<msg timestamp="20220127 10:52:08.081" level="INFO">&amp;{data} = { command=setValues | payload=['12', '12', '15', '17'] }</msg>
<status status="PASS" starttime="20220127 10:52:08.079" endtime="20220127 10:52:08.081"></status>
</kw>
<kw name="Post Request" library="RequestsLibrary">
<doc>Send a POST request on the session object found using the
given `alias`</doc>
<arguments>
<arg>mysession</arg>
<arg>v1/tests/${station}</arg>
<arg>headers=${headers}</arg>
<arg>json=${data}</arg>
</arguments>
<assign>
<var>${response}</var>
</assign>
<msg timestamp="20220127 10:52:08.398" level="INFO">Post Request using : alias=mysession, uri=v1/tests/5, data=&lt;empty&gt;, headers={'Content-Type': 'application/json'}, files=None, allow_redirects=True </msg>
<msg timestamp="20220127 10:52:08.398" level="INFO">${response} = &lt;Response [500]&gt;</msg>
<status status="PASS" starttime="20220127 10:52:08.081" endtime="20220127 10:52:08.398"></status>
</kw>
<kw name="To Json" library="RequestsLibrary">
<doc>Convert a string to a JSON object</doc>
<arguments>
<arg>${response.content}</arg>
</arguments>
<assign>
<var>${json_object}</var>
</assign>
<msg timestamp="20220127 10:52:08.400" level="FAIL">JSONDecodeError: Expecting value: line 1 column 1 (char 0)</msg>
<status status="FAIL" starttime="20220127 10:52:08.398" endtime="20220127 10:52:08.400"></status>
</kw>
<status status="FAIL" starttime="20220127 10:52:08.077" endtime="20220127 10:52:08.400"></status>
</kw>
<status status="FAIL" starttime="20220127 10:52:06.216" endtime="20220127 10:52:08.400"></status>
</kw>
<status status="FAIL" starttime="20220127 10:52:06.216" endtime="20220127 10:52:08.401"></status>
</kw>
<kw name="Delete All Sessions" library="RequestsLibrary" type="teardown">
<doc>Removes all the session objects</doc>
<msg timestamp="20220127 10:52:08.403" level="INFO">Delete All Sessions</msg>
<status status="PASS" starttime="20220127 10:52:08.402" endtime="20220127 10:52:08.411"></status>
</kw>
<doc>This testcase Tests SetValues Api end point with single
inValid input and with digffrent valid stations
Inorder to verify if the Defined Acceeptance criteria is met &amp; error handeling is proper.</doc>
<tags>
<tag>Smoke</tag>
</tags>
<status status="FAIL" starttime="20220127 10:52:06.216" endtime="20220127 10:52:08.412" critical="yes">JSONDecodeError: Expecting value: line 1 column 1 (char 0)</status>
</test>
<doc>This test-set covers Tests/User-stories of important Api features
like GetVersion, get interval and set values Api
suite usases RF JsonLibrary and Builtin functions &amp; user defined keywords
Cli &gt;robot --outputdir ./Results -i SMOKE ./*.robot</doc>
<status status="FAIL" starttime="20220127 10:51:52.720" endtime="20220127 10:52:08.417"></status>
</suite>
<status status="FAIL" starttime="20220127 10:51:47.345" endtime="20220127 10:52:08.428"></status>
</suite>
<statistics>
<total>
<stat pass="12" fail="6">Critical Tests</stat>
<stat pass="12" fail="6">All Tests</stat>
</total>
<tag>
<stat pass="3" fail="4">Smoke</stat>
</tag>
<suite>
<stat pass="12" fail="6" id="s1" name="TemplatedDatadriven &amp; TestCases">TemplatedDatadriven &amp; TestCases</stat>
<stat pass="9" fail="2" id="s1-s1" name="TemplatedDatadriven">TemplatedDatadriven &amp; TestCases.TemplatedDatadriven</stat>
<stat pass="3" fail="4" id="s1-s2" name="TestCases">TemplatedDatadriven &amp; TestCases.TestCases</stat>
</suite>
</statistics>
<errors>
<msg timestamp="20220127 10:51:52.700" level="WARN">Response body content is not JSON. Content-Type is: text/html; charset=utf-8</msg>
</errors>
</robot>
